{"C:\\Users\\Erenn\\Documents\\GitHub\\octopus-case\\user-service\\src\\index.ts": {"path":"C:\\Users\\Erenn\\Documents\\GitHub\\octopus-case\\user-service\\src\\index.ts","statementMap":{"0":{"start":{"line":1,"column":0},"end":{"line":1,"column":67}},"1":{"start":{"line":2,"column":0},"end":{"line":2,"column":46}},"2":{"start":{"line":4,"column":0},"end":{"line":4,"column":41}},"3":{"start":{"line":5,"column":0},"end":{"line":5,"column":47}},"4":{"start":{"line":6,"column":0},"end":{"line":6,"column":55}},"5":{"start":{"line":7,"column":0},"end":{"line":7,"column":63}},"6":{"start":{"line":8,"column":0},"end":{"line":8,"column":69}},"7":{"start":{"line":9,"column":0},"end":{"line":9,"column":71}},"8":{"start":{"line":11,"column":13},"end":{"line":11,"column":41}},"9":{"start":{"line":13,"column":12},"end":{"line":13,"column":21}},"10":{"start":{"line":16,"column":1},"end":{"line":16,"column":32}},"11":{"start":{"line":17,"column":1},"end":{"line":17,"column":37}},"12":{"start":{"line":19,"column":1},"end":{"line":19,"column":25}},"13":{"start":{"line":21,"column":24},"end":{"line":21,"column":44}},"14":{"start":{"line":22,"column":27},"end":{"line":22,"column":50}},"15":{"start":{"line":24,"column":20},"end":{"line":24,"column":36}},"16":{"start":{"line":26,"column":1},"end":{"line":26,"column":86}},"17":{"start":{"line":27,"column":1},"end":{"line":27,"column":95}},"18":{"start":{"line":29,"column":1},"end":{"line":29,"column":140}},"19":{"start":{"line":30,"column":1},"end":{"line":30,"column":108}},"20":{"start":{"line":31,"column":1},"end":{"line":31,"column":113}},"21":{"start":{"line":32,"column":1},"end":{"line":32,"column":143}},"22":{"start":{"line":33,"column":1},"end":{"line":33,"column":115}},"23":{"start":{"line":35,"column":1},"end":{"line":37,"column":4}},"24":{"start":{"line":36,"column":2},"end":{"line":36,"column":72}},"25":{"start":{"line":39,"column":1},"end":{"line":50,"column":4}},"26":{"start":{"line":40,"column":2},"end":{"line":40,"column":21}},"27":{"start":{"line":44,"column":21},"end":{"line":44,"column":42}},"28":{"start":{"line":45,"column":18},"end":{"line":45,"column":55}},"29":{"start":{"line":47,"column":2},"end":{"line":49,"column":5}},"30":{"start":{"line":52,"column":1},"end":{"line":54,"column":4}},"31":{"start":{"line":53,"column":2},"end":{"line":53,"column":73}},"32":{"start":{"line":57,"column":0},"end":{"line":57,"column":51}},"33":{"start":{"line":57,"column":37},"end":{"line":57,"column":51}},"34":{"start":{"line":59,"column":0},"end":{"line":59,"column":36}}},"fnMap":{"0":{"name":"startServer","decl":{"start":{"line":15,"column":15},"end":{"line":15,"column":26}},"loc":{"start":{"line":15,"column":26},"end":{"line":55,"column":1}}},"1":{"name":"(anonymous_2)","decl":{"start":{"line":35,"column":14},"end":{"line":35,"column":15}},"loc":{"start":{"line":35,"column":46},"end":{"line":37,"column":2}}},"2":{"name":"(anonymous_3)","decl":{"start":{"line":39,"column":9},"end":{"line":39,"column":10}},"loc":{"start":{"line":39,"column":71},"end":{"line":50,"column":2}}},"3":{"name":"(anonymous_4)","decl":{"start":{"line":52,"column":46},"end":{"line":52,"column":49}},"loc":{"start":{"line":52,"column":51},"end":{"line":54,"column":2}}}},"branchMap":{"0":{"loc":{"start":{"line":44,"column":21},"end":{"line":44,"column":42}},"type":"binary-expr","locations":[{"start":{"line":44,"column":21},"end":{"line":44,"column":35}},{"start":{"line":44,"column":39},"end":{"line":44,"column":42}}]},"1":{"loc":{"start":{"line":45,"column":18},"end":{"line":45,"column":55}},"type":"binary-expr","locations":[{"start":{"line":45,"column":18},"end":{"line":45,"column":29}},{"start":{"line":45,"column":33},"end":{"line":45,"column":55}}]},"2":{"loc":{"start":{"line":52,"column":12},"end":{"line":52,"column":44}},"type":"binary-expr","locations":[{"start":{"line":52,"column":12},"end":{"line":52,"column":36}},{"start":{"line":52,"column":40},"end":{"line":52,"column":44}}]},"3":{"loc":{"start":{"line":53,"column":45},"end":{"line":53,"column":69}},"type":"binary-expr","locations":[{"start":{"line":53,"column":45},"end":{"line":53,"column":61}},{"start":{"line":53,"column":65},"end":{"line":53,"column":69}}]},"4":{"loc":{"start":{"line":57,"column":0},"end":{"line":57,"column":51}},"type":"if","locations":[{"start":{"line":57,"column":0},"end":{"line":57,"column":51}}]}},"s":{"0":2,"1":2,"2":2,"3":2,"4":2,"5":2,"6":2,"7":2,"8":2,"9":2,"10":2,"11":2,"12":2,"13":2,"14":2,"15":2,"16":2,"17":2,"18":2,"19":2,"20":2,"21":2,"22":2,"23":2,"24":0,"25":2,"26":0,"27":0,"28":0,"29":0,"30":2,"31":2,"32":2,"33":0,"34":2},"f":{"0":2,"1":0,"2":0,"3":2},"b":{"0":[0,0],"1":[0,0],"2":[2,0],"3":[2,0],"4":[0]}}
,"C:\\Users\\Erenn\\Documents\\GitHub\\octopus-case\\user-service\\src\\controllers\\address.controller.ts": {"path":"C:\\Users\\Erenn\\Documents\\GitHub\\octopus-case\\user-service\\src\\controllers\\address.controller.ts","statementMap":{"0":{"start":{"line":3,"column":0},"end":{"line":3,"column":61}},"1":{"start":{"line":4,"column":0},"end":{"line":4,"column":50}},"2":{"start":{"line":7,"column":9},"end":{"line":7,"column":47}},"3":{"start":{"line":10,"column":2},"end":{"line":15,"column":3}},"4":{"start":{"line":11,"column":18},"end":{"line":11,"column":70}},"5":{"start":{"line":12,"column":3},"end":{"line":12,"column":32}},"6":{"start":{"line":14,"column":3},"end":{"line":14,"column":15}},"7":{"start":{"line":19,"column":2},"end":{"line":24,"column":3}},"8":{"start":{"line":20,"column":18},"end":{"line":20,"column":60}},"9":{"start":{"line":21,"column":3},"end":{"line":21,"column":32}},"10":{"start":{"line":23,"column":3},"end":{"line":23,"column":15}},"11":{"start":{"line":28,"column":2},"end":{"line":35,"column":3}},"12":{"start":{"line":29,"column":3},"end":{"line":29,"column":68}},"13":{"start":{"line":29,"column":23},"end":{"line":29,"column":68}},"14":{"start":{"line":31,"column":18},"end":{"line":31,"column":84}},"15":{"start":{"line":32,"column":3},"end":{"line":32,"column":32}},"16":{"start":{"line":34,"column":3},"end":{"line":34,"column":15}},"17":{"start":{"line":39,"column":2},"end":{"line":46,"column":3}},"18":{"start":{"line":40,"column":3},"end":{"line":40,"column":68}},"19":{"start":{"line":40,"column":23},"end":{"line":40,"column":68}},"20":{"start":{"line":42,"column":18},"end":{"line":42,"column":93}},"21":{"start":{"line":43,"column":3},"end":{"line":43,"column":32}},"22":{"start":{"line":45,"column":3},"end":{"line":45,"column":15}},"23":{"start":{"line":50,"column":2},"end":{"line":57,"column":3}},"24":{"start":{"line":51,"column":3},"end":{"line":51,"column":68}},"25":{"start":{"line":51,"column":23},"end":{"line":51,"column":68}},"26":{"start":{"line":53,"column":3},"end":{"line":53,"column":69}},"27":{"start":{"line":54,"column":3},"end":{"line":54,"column":26}},"28":{"start":{"line":56,"column":3},"end":{"line":56,"column":15}},"29":{"start":{"line":6,"column":0},"end":{"line":6,"column":13}}},"fnMap":{"0":{"name":"(anonymous_0)","decl":{"start":{"line":6,"column":0},"end":{"line":6,"column":13}},"loc":{"start":{"line":6,"column":0},"end":{"line":59,"column":1}}},"1":{"name":"(anonymous_1)","decl":{"start":{"line":9,"column":1},"end":{"line":9,"column":6}},"loc":{"start":{"line":9,"column":61},"end":{"line":16,"column":2}}},"2":{"name":"(anonymous_2)","decl":{"start":{"line":18,"column":1},"end":{"line":18,"column":6}},"loc":{"start":{"line":18,"column":61},"end":{"line":25,"column":2}}},"3":{"name":"(anonymous_3)","decl":{"start":{"line":27,"column":1},"end":{"line":27,"column":6}},"loc":{"start":{"line":27,"column":62},"end":{"line":36,"column":2}}},"4":{"name":"(anonymous_4)","decl":{"start":{"line":38,"column":1},"end":{"line":38,"column":6}},"loc":{"start":{"line":38,"column":61},"end":{"line":47,"column":2}}},"5":{"name":"(anonymous_5)","decl":{"start":{"line":49,"column":1},"end":{"line":49,"column":6}},"loc":{"start":{"line":49,"column":61},"end":{"line":58,"column":2}}}},"branchMap":{"0":{"loc":{"start":{"line":29,"column":3},"end":{"line":29,"column":68}},"type":"if","locations":[{"start":{"line":29,"column":3},"end":{"line":29,"column":68}}]},"1":{"loc":{"start":{"line":40,"column":3},"end":{"line":40,"column":68}},"type":"if","locations":[{"start":{"line":40,"column":3},"end":{"line":40,"column":68}}]},"2":{"loc":{"start":{"line":51,"column":3},"end":{"line":51,"column":68}},"type":"if","locations":[{"start":{"line":51,"column":3},"end":{"line":51,"column":68}}]}},"s":{"0":2,"1":2,"2":2,"3":1,"4":1,"5":1,"6":0,"7":1,"8":1,"9":1,"10":0,"11":1,"12":1,"13":0,"14":1,"15":1,"16":0,"17":2,"18":2,"19":0,"20":2,"21":2,"22":0,"23":1,"24":1,"25":0,"26":1,"27":1,"28":0,"29":2},"f":{"0":2,"1":1,"2":1,"3":1,"4":2,"5":1},"b":{"0":[0],"1":[0],"2":[0]}}
,"C:\\Users\\Erenn\\Documents\\GitHub\\octopus-case\\user-service\\src\\controllers\\user.controller.ts": {"path":"C:\\Users\\Erenn\\Documents\\GitHub\\octopus-case\\user-service\\src\\controllers\\user.controller.ts","statementMap":{"0":{"start":{"line":3,"column":0},"end":{"line":3,"column":55}},"1":{"start":{"line":6,"column":9},"end":{"line":6,"column":41}},"2":{"start":{"line":9,"column":2},"end":{"line":14,"column":3}},"3":{"start":{"line":10,"column":18},"end":{"line":10,"column":59}},"4":{"start":{"line":11,"column":3},"end":{"line":11,"column":32}},"5":{"start":{"line":13,"column":3},"end":{"line":13,"column":15}},"6":{"start":{"line":18,"column":2},"end":{"line":23,"column":3}},"7":{"start":{"line":19,"column":18},"end":{"line":19,"column":56}},"8":{"start":{"line":20,"column":3},"end":{"line":20,"column":32}},"9":{"start":{"line":22,"column":3},"end":{"line":22,"column":15}},"10":{"start":{"line":5,"column":0},"end":{"line":5,"column":13}}},"fnMap":{"0":{"name":"(anonymous_0)","decl":{"start":{"line":5,"column":0},"end":{"line":5,"column":13}},"loc":{"start":{"line":5,"column":0},"end":{"line":25,"column":1}}},"1":{"name":"(anonymous_1)","decl":{"start":{"line":8,"column":1},"end":{"line":8,"column":6}},"loc":{"start":{"line":8,"column":63},"end":{"line":15,"column":2}}},"2":{"name":"(anonymous_2)","decl":{"start":{"line":17,"column":1},"end":{"line":17,"column":6}},"loc":{"start":{"line":17,"column":60},"end":{"line":24,"column":2}}}},"branchMap":{},"s":{"0":2,"1":2,"2":2,"3":2,"4":2,"5":0,"6":1,"7":1,"8":1,"9":0,"10":2},"f":{"0":2,"1":2,"2":1},"b":{}}
,"C:\\Users\\Erenn\\Documents\\GitHub\\octopus-case\\user-service\\src\\dto\\address.dto.ts": {"path":"C:\\Users\\Erenn\\Documents\\GitHub\\octopus-case\\user-service\\src\\dto\\address.dto.ts","statementMap":{"0":{"start":{"line":1,"column":0},"end":{"line":1,"column":67}},"1":{"start":{"line":3,"column":0},"end":{"line":3,"column":13}},"2":{"start":{"line":6,"column":1},"end":{"line":6,"column":null}},"3":{"start":{"line":10,"column":1},"end":{"line":10,"column":null}},"4":{"start":{"line":14,"column":1},"end":{"line":14,"column":null}},"5":{"start":{"line":18,"column":1},"end":{"line":18,"column":null}},"6":{"start":{"line":21,"column":0},"end":{"line":21,"column":13}},"7":{"start":{"line":24,"column":1},"end":{"line":24,"column":null}},"8":{"start":{"line":28,"column":1},"end":{"line":28,"column":null}},"9":{"start":{"line":32,"column":1},"end":{"line":32,"column":null}},"10":{"start":{"line":36,"column":1},"end":{"line":36,"column":null}}},"fnMap":{},"branchMap":{},"s":{"0":2,"1":2,"2":2,"3":2,"4":2,"5":2,"6":2,"7":2,"8":2,"9":2,"10":2},"f":{},"b":{}}
,"C:\\Users\\Erenn\\Documents\\GitHub\\octopus-case\\user-service\\src\\dto\\user.dto.ts": {"path":"C:\\Users\\Erenn\\Documents\\GitHub\\octopus-case\\user-service\\src\\dto\\user.dto.ts","statementMap":{"0":{"start":{"line":1,"column":0},"end":{"line":1,"column":72}},"1":{"start":{"line":3,"column":0},"end":{"line":3,"column":13}},"2":{"start":{"line":6,"column":1},"end":{"line":6,"column":null}},"3":{"start":{"line":11,"column":1},"end":{"line":11,"column":null}},"4":{"start":{"line":15,"column":1},"end":{"line":15,"column":null}},"5":{"start":{"line":18,"column":0},"end":{"line":18,"column":13}},"6":{"start":{"line":21,"column":1},"end":{"line":21,"column":null}},"7":{"start":{"line":26,"column":1},"end":{"line":26,"column":null}}},"fnMap":{},"branchMap":{},"s":{"0":2,"1":2,"2":2,"3":2,"4":2,"5":2,"6":2,"7":2},"f":{},"b":{}}
,"C:\\Users\\Erenn\\Documents\\GitHub\\octopus-case\\user-service\\src\\services\\address.service.ts": {"path":"C:\\Users\\Erenn\\Documents\\GitHub\\octopus-case\\user-service\\src\\services\\address.service.ts","statementMap":{"0":{"start":{"line":1,"column":0},"end":{"line":1,"column":34}},"1":{"start":{"line":5,"column":0},"end":{"line":5,"column":50}},"2":{"start":{"line":10,"column":2},"end":{"line":10,"column":null}},"3":{"start":{"line":14,"column":2},"end":{"line":14,"column":67}},"4":{"start":{"line":18,"column":2},"end":{"line":18,"column":35}},"5":{"start":{"line":22,"column":2},"end":{"line":22,"column":34}},"6":{"start":{"line":24,"column":2},"end":{"line":24,"column":76}},"7":{"start":{"line":28,"column":2},"end":{"line":28,"column":34}},"8":{"start":{"line":30,"column":2},"end":{"line":30,"column":52}},"9":{"start":{"line":34,"column":18},"end":{"line":34,"column":87}},"10":{"start":{"line":35,"column":2},"end":{"line":35,"column":63}},"11":{"start":{"line":35,"column":16},"end":{"line":35,"column":63}},"12":{"start":{"line":37,"column":2},"end":{"line":37,"column":17}},"13":{"start":{"line":8,"column":0},"end":{"line":8,"column":13}}},"fnMap":{"0":{"name":"(anonymous_0)","decl":{"start":{"line":9,"column":1},"end":{"line":9,"column":6}},"loc":{"start":{"line":9,"column":61},"end":{"line":11,"column":2}}},"1":{"name":"(anonymous_1)","decl":{"start":{"line":13,"column":1},"end":{"line":13,"column":6}},"loc":{"start":{"line":13,"column":25},"end":{"line":15,"column":2}}},"2":{"name":"(anonymous_2)","decl":{"start":{"line":17,"column":1},"end":{"line":17,"column":6}},"loc":{"start":{"line":17,"column":38},"end":{"line":19,"column":2}}},"3":{"name":"(anonymous_3)","decl":{"start":{"line":21,"column":1},"end":{"line":21,"column":6}},"loc":{"start":{"line":21,"column":73},"end":{"line":25,"column":2}}},"4":{"name":"(anonymous_4)","decl":{"start":{"line":27,"column":1},"end":{"line":27,"column":6}},"loc":{"start":{"line":27,"column":37},"end":{"line":31,"column":2}}},"5":{"name":"(anonymous_5)","decl":{"start":{"line":33,"column":9},"end":{"line":33,"column":14}},"loc":{"start":{"line":33,"column":49},"end":{"line":38,"column":2}}}},"branchMap":{"0":{"loc":{"start":{"line":35,"column":2},"end":{"line":35,"column":63}},"type":"if","locations":[{"start":{"line":35,"column":2},"end":{"line":35,"column":63}}]}},"s":{"0":2,"1":2,"2":1,"3":1,"4":1,"5":2,"6":2,"7":1,"8":1,"9":4,"10":4,"11":0,"12":4,"13":2},"f":{"0":1,"1":1,"2":1,"3":2,"4":1,"5":4},"b":{"0":[0]}}
,"C:\\Users\\Erenn\\Documents\\GitHub\\octopus-case\\user-service\\src\\services\\user.service.ts": {"path":"C:\\Users\\Erenn\\Documents\\GitHub\\octopus-case\\user-service\\src\\services\\user.service.ts","statementMap":{"0":{"start":{"line":1,"column":0},"end":{"line":1,"column":30}},"1":{"start":{"line":2,"column":0},"end":{"line":2,"column":40}},"2":{"start":{"line":4,"column":0},"end":{"line":4,"column":34}},"3":{"start":{"line":5,"column":0},"end":{"line":5,"column":42}},"4":{"start":{"line":6,"column":0},"end":{"line":6,"column":50}},"5":{"start":{"line":10,"column":9},"end":{"line":10,"column":39}},"6":{"start":{"line":14,"column":2},"end":{"line":14,"column":22}},"7":{"start":{"line":18,"column":20},"end":{"line":18,"column":89}},"8":{"start":{"line":19,"column":2},"end":{"line":19,"column":71}},"9":{"start":{"line":19,"column":17},"end":{"line":19,"column":71}},"10":{"start":{"line":21,"column":25},"end":{"line":21,"column":68}},"11":{"start":{"line":23,"column":18},"end":{"line":25,"column":4}},"12":{"start":{"line":27,"column":2},"end":{"line":29,"column":3}},"13":{"start":{"line":28,"column":3},"end":{"line":28,"column":29}},"14":{"start":{"line":31,"column":2},"end":{"line":35,"column":7}},"15":{"start":{"line":37,"column":2},"end":{"line":37,"column":26}},"16":{"start":{"line":38,"column":2},"end":{"line":38,"column":54}},"17":{"start":{"line":42,"column":15},"end":{"line":42,"column":81}},"18":{"start":{"line":43,"column":2},"end":{"line":43,"column":67}},"19":{"start":{"line":43,"column":13},"end":{"line":43,"column":67}},"20":{"start":{"line":45,"column":26},"end":{"line":45,"column":80}},"21":{"start":{"line":46,"column":2},"end":{"line":46,"column":78}},"22":{"start":{"line":46,"column":24},"end":{"line":46,"column":78}},"23":{"start":{"line":48,"column":2},"end":{"line":48,"column":23}},"24":{"start":{"line":49,"column":2},"end":{"line":49,"column":51}},"25":{"start":{"line":53,"column":2},"end":{"line":53,"column":46}},"26":{"start":{"line":54,"column":2},"end":{"line":54,"column":14}},"27":{"start":{"line":58,"column":21},"end":{"line":58,"column":59}},"28":{"start":{"line":59,"column":2},"end":{"line":59,"column":50}},"29":{"start":{"line":62,"column":2},"end":{"line":62,"column":75}},"30":{"start":{"line":64,"column":2},"end":{"line":71,"column":5}},"31":{"start":{"line":65,"column":3},"end":{"line":70,"column":12}},"32":{"start":{"line":67,"column":4},"end":{"line":67,"column":43}},"33":{"start":{"line":69,"column":4},"end":{"line":69,"column":26}},"34":{"start":{"line":9,"column":0},"end":{"line":9,"column":13}}},"fnMap":{"0":{"name":"(anonymous_1)","decl":{"start":{"line":13,"column":1},"end":{"line":13,"column":null}},"loc":{"start":{"line":13,"column":1},"end":{"line":15,"column":2}}},"1":{"name":"(anonymous_2)","decl":{"start":{"line":17,"column":1},"end":{"line":17,"column":6}},"loc":{"start":{"line":17,"column":40},"end":{"line":39,"column":2}}},"2":{"name":"(anonymous_3)","decl":{"start":{"line":41,"column":1},"end":{"line":41,"column":6}},"loc":{"start":{"line":41,"column":31},"end":{"line":50,"column":2}}},"3":{"name":"(anonymous_4)","decl":{"start":{"line":52,"column":1},"end":{"line":52,"column":6}},"loc":{"start":{"line":52,"column":32},"end":{"line":55,"column":2}}},"4":{"name":"(anonymous_5)","decl":{"start":{"line":57,"column":9},"end":{"line":57,"column":14}},"loc":{"start":{"line":57,"column":27},"end":{"line":72,"column":2}}},"5":{"name":"(anonymous_6)","decl":{"start":{"line":64,"column":46},"end":{"line":64,"column":51}},"loc":{"start":{"line":64,"column":60},"end":{"line":71,"column":3}}},"6":{"name":"(anonymous_7)","decl":{"start":{"line":65,"column":14},"end":{"line":65,"column":17}},"loc":{"start":{"line":65,"column":19},"end":{"line":70,"column":4}}}},"branchMap":{"0":{"loc":{"start":{"line":19,"column":2},"end":{"line":19,"column":71}},"type":"if","locations":[{"start":{"line":19,"column":2},"end":{"line":19,"column":71}}]},"1":{"loc":{"start":{"line":27,"column":2},"end":{"line":29,"column":3}},"type":"if","locations":[{"start":{"line":27,"column":2},"end":{"line":29,"column":3}}]},"2":{"loc":{"start":{"line":43,"column":2},"end":{"line":43,"column":67}},"type":"if","locations":[{"start":{"line":43,"column":2},"end":{"line":43,"column":67}}]},"3":{"loc":{"start":{"line":46,"column":2},"end":{"line":46,"column":78}},"type":"if","locations":[{"start":{"line":46,"column":2},"end":{"line":46,"column":78}}]}},"s":{"0":2,"1":2,"2":2,"3":2,"4":2,"5":4,"6":4,"7":2,"8":2,"9":0,"10":2,"11":2,"12":2,"13":1,"14":2,"15":2,"16":2,"17":1,"18":1,"19":0,"20":1,"21":1,"22":0,"23":1,"24":1,"25":2,"26":2,"27":5,"28":4,"29":4,"30":4,"31":5,"32":0,"33":0,"34":2},"f":{"0":4,"1":2,"2":1,"3":2,"4":5,"5":5,"6":0},"b":{"0":[0],"1":[1],"2":[0],"3":[0]}}
,"C:\\Users\\Erenn\\Documents\\GitHub\\octopus-case\\user-service\\src\\utils\\errors.ts": {"path":"C:\\Users\\Erenn\\Documents\\GitHub\\octopus-case\\user-service\\src\\utils\\errors.ts","statementMap":{"0":{"start":{"line":6,"column":2},"end":{"line":6,"column":17}},"1":{"start":{"line":7,"column":2},"end":{"line":7,"column":31}},"2":{"start":{"line":8,"column":2},"end":{"line":8,"column":29}},"3":{"start":{"line":9,"column":2},"end":{"line":9,"column":51}},"4":{"start":{"line":1,"column":0},"end":{"line":1,"column":13}},"5":{"start":{"line":15,"column":2},"end":{"line":15,"column":35}},"6":{"start":{"line":13,"column":0},"end":{"line":13,"column":13}},"7":{"start":{"line":21,"column":2},"end":{"line":21,"column":38}},"8":{"start":{"line":19,"column":0},"end":{"line":19,"column":13}},"9":{"start":{"line":27,"column":2},"end":{"line":27,"column":37}},"10":{"start":{"line":25,"column":0},"end":{"line":25,"column":13}},"11":{"start":{"line":33,"column":2},"end":{"line":33,"column":47}},"12":{"start":{"line":31,"column":0},"end":{"line":31,"column":13}}},"fnMap":{"0":{"name":"(anonymous_0)","decl":{"start":{"line":5,"column":1},"end":{"line":5,"column":13}},"loc":{"start":{"line":5,"column":67},"end":{"line":10,"column":2}}},"1":{"name":"(anonymous_1)","decl":{"start":{"line":14,"column":1},"end":{"line":14,"column":13}},"loc":{"start":{"line":14,"column":28},"end":{"line":16,"column":2}}},"2":{"name":"(anonymous_2)","decl":{"start":{"line":20,"column":1},"end":{"line":20,"column":13}},"loc":{"start":{"line":20,"column":28},"end":{"line":22,"column":2}}},"3":{"name":"(anonymous_3)","decl":{"start":{"line":26,"column":1},"end":{"line":26,"column":13}},"loc":{"start":{"line":26,"column":28},"end":{"line":28,"column":2}}},"4":{"name":"(anonymous_4)","decl":{"start":{"line":32,"column":1},"end":{"line":32,"column":13}},"loc":{"start":{"line":32,"column":28},"end":{"line":34,"column":2}}}},"branchMap":{},"s":{"0":0,"1":0,"2":0,"3":0,"4":2,"5":0,"6":2,"7":0,"8":2,"9":0,"10":2,"11":0,"12":2},"f":{"0":0,"1":0,"2":0,"3":0,"4":0},"b":{}}
,"C:\\Users\\Erenn\\Documents\\GitHub\\octopus-case\\user-service\\src\\utils\\jwt.ts": {"path":"C:\\Users\\Erenn\\Documents\\GitHub\\octopus-case\\user-service\\src\\utils\\jwt.ts","statementMap":{"0":{"start":{"line":1,"column":0},"end":{"line":1,"column":31}},"1":{"start":{"line":6,"column":9},"end":{"line":6,"column":28}},"2":{"start":{"line":7,"column":9},"end":{"line":7,"column":26}},"3":{"start":{"line":10,"column":2},"end":{"line":10,"column":72}},"4":{"start":{"line":14,"column":16},"end":{"line":14,"column":59}},"5":{"start":{"line":16,"column":2},"end":{"line":18,"column":3}},"6":{"start":{"line":17,"column":3},"end":{"line":17,"column":65}},"7":{"start":{"line":20,"column":2},"end":{"line":26,"column":5}},"8":{"start":{"line":21,"column":3},"end":{"line":23,"column":4}},"9":{"start":{"line":22,"column":4},"end":{"line":22,"column":73}},"10":{"start":{"line":24,"column":3},"end":{"line":24,"column":31}},"11":{"start":{"line":25,"column":3},"end":{"line":25,"column":10}},"12":{"start":{"line":5,"column":0},"end":{"line":5,"column":13}}},"fnMap":{"0":{"name":"(anonymous_1)","decl":{"start":{"line":5,"column":0},"end":{"line":5,"column":13}},"loc":{"start":{"line":5,"column":0},"end":{"line":28,"column":1}}},"1":{"name":"(anonymous_2)","decl":{"start":{"line":9,"column":1},"end":{"line":9,"column":9}},"loc":{"start":{"line":9,"column":38},"end":{"line":11,"column":2}}},"2":{"name":"(anonymous_3)","decl":{"start":{"line":13,"column":1},"end":{"line":13,"column":8}},"loc":{"start":{"line":13,"column":47},"end":{"line":27,"column":2}}},"3":{"name":"(anonymous_4)","decl":{"start":{"line":20,"column":34},"end":{"line":20,"column":35}},"loc":{"start":{"line":20,"column":51},"end":{"line":26,"column":3}}}},"branchMap":{"0":{"loc":{"start":{"line":16,"column":2},"end":{"line":18,"column":3}},"type":"if","locations":[{"start":{"line":16,"column":2},"end":{"line":18,"column":3}}]},"1":{"loc":{"start":{"line":21,"column":3},"end":{"line":23,"column":4}},"type":"if","locations":[{"start":{"line":21,"column":3},"end":{"line":23,"column":4}}]}},"s":{"0":2,"1":6,"2":6,"3":3,"4":24,"5":24,"6":5,"7":19,"8":19,"9":5,"10":14,"11":14,"12":2},"f":{"0":6,"1":3,"2":24,"3":19},"b":{"0":[5],"1":[5]}}
,"C:\\Users\\Erenn\\Documents\\GitHub\\octopus-case\\user-service\\src\\utils\\validate.ts": {"path":"C:\\Users\\Erenn\\Documents\\GitHub\\octopus-case\\user-service\\src\\utils\\validate.ts","statementMap":{"0":{"start":{"line":5,"column":0},"end":{"line":5,"column":16}},"1":{"start":{"line":2,"column":0},"end":{"line":2,"column":43}},"2":{"start":{"line":3,"column":0},"end":{"line":3,"column":52}},"3":{"start":{"line":6,"column":1},"end":{"line":16,"column":3}},"4":{"start":{"line":7,"column":22},"end":{"line":7,"column":57}},"5":{"start":{"line":8,"column":2},"end":{"line":15,"column":5}},"6":{"start":{"line":9,"column":3},"end":{"line":14,"column":4}},"7":{"start":{"line":10,"column":20},"end":{"line":10,"column":84}},"8":{"start":{"line":10,"column":38},"end":{"line":10,"column":72}},"9":{"start":{"line":11,"column":4},"end":{"line":11,"column":38}},"10":{"start":{"line":13,"column":4},"end":{"line":13,"column":11}}},"fnMap":{"0":{"name":"ValidateDto","decl":{"start":{"line":5,"column":16},"end":{"line":5,"column":27}},"loc":{"start":{"line":5,"column":52},"end":{"line":17,"column":1}}},"1":{"name":"(anonymous_1)","decl":{"start":{"line":6,"column":8},"end":{"line":6,"column":9}},"loc":{"start":{"line":6,"column":60},"end":{"line":16,"column":2}}},"2":{"name":"(anonymous_2)","decl":{"start":{"line":8,"column":36},"end":{"line":8,"column":37}},"loc":{"start":{"line":8,"column":47},"end":{"line":15,"column":3}}},"3":{"name":"(anonymous_3)","decl":{"start":{"line":10,"column":31},"end":{"line":10,"column":32}},"loc":{"start":{"line":10,"column":38},"end":{"line":10,"column":72}}}},"branchMap":{"0":{"loc":{"start":{"line":9,"column":3},"end":{"line":14,"column":4}},"type":"if","locations":[{"start":{"line":9,"column":3},"end":{"line":14,"column":4}},{"start":{"line":12,"column":10},"end":{"line":14,"column":4}}]},"1":{"loc":{"start":{"line":10,"column":52},"end":{"line":10,"column":71}},"type":"binary-expr","locations":[{"start":{"line":10,"column":52},"end":{"line":10,"column":65}},{"start":{"line":10,"column":69},"end":{"line":10,"column":71}}]}},"s":{"0":2,"1":2,"2":2,"3":8,"4":24,"5":24,"6":24,"7":18,"8":18,"9":18,"10":6},"f":{"0":8,"1":24,"2":24,"3":18},"b":{"0":[18,6],"1":[18,0]}}
}
