TN:
SF:src\index.ts
FN:15,startServer
FN:35,(anonymous_2)
FN:39,(anonymous_3)
FN:52,(anonymous_4)
FNF:4
FNH:2
FNDA:2,startServer
FNDA:0,(anonymous_2)
FNDA:0,(anonymous_3)
FNDA:2,(anonymous_4)
DA:1,2
DA:2,2
DA:4,2
DA:5,2
DA:6,2
DA:7,2
DA:8,2
DA:9,2
DA:11,2
DA:13,2
DA:16,2
DA:17,2
DA:19,2
DA:21,2
DA:22,2
DA:24,2
DA:26,2
DA:27,2
DA:29,2
DA:30,2
DA:31,2
DA:32,2
DA:33,2
DA:35,2
DA:36,0
DA:39,2
DA:40,0
DA:44,0
DA:45,0
DA:47,0
DA:52,2
DA:53,2
DA:57,2
DA:59,2
LF:34
LH:29
BRDA:44,0,0,0
BRDA:44,0,1,0
BRDA:45,1,0,0
BRDA:45,1,1,0
BRDA:52,2,0,2
BRDA:52,2,1,0
BRDA:53,3,0,2
BRDA:53,3,1,0
BRDA:57,4,0,0
BRF:9
BRH:2
end_of_record
TN:
SF:src\controllers\address.controller.ts
FN:6,(anonymous_0)
FN:9,(anonymous_1)
FN:18,(anonymous_2)
FN:27,(anonymous_3)
FN:38,(anonymous_4)
FN:49,(anonymous_5)
FNF:6
FNH:6
FNDA:2,(anonymous_0)
FNDA:1,(anonymous_1)
FNDA:1,(anonymous_2)
FNDA:1,(anonymous_3)
FNDA:2,(anonymous_4)
FNDA:1,(anonymous_5)
DA:3,2
DA:4,2
DA:6,2
DA:7,2
DA:10,1
DA:11,1
DA:12,1
DA:14,0
DA:19,1
DA:20,1
DA:21,1
DA:23,0
DA:28,1
DA:29,1
DA:31,1
DA:32,1
DA:34,0
DA:39,2
DA:40,2
DA:42,2
DA:43,2
DA:45,0
DA:50,1
DA:51,1
DA:53,1
DA:54,1
DA:56,0
LF:27
LH:22
BRDA:29,0,0,0
BRDA:40,1,0,0
BRDA:51,2,0,0
BRF:3
BRH:0
end_of_record
TN:
SF:src\controllers\user.controller.ts
FN:5,(anonymous_0)
FN:8,(anonymous_1)
FN:17,(anonymous_2)
FNF:3
FNH:3
FNDA:2,(anonymous_0)
FNDA:2,(anonymous_1)
FNDA:1,(anonymous_2)
DA:3,2
DA:5,2
DA:6,2
DA:9,2
DA:10,2
DA:11,2
DA:13,0
DA:18,1
DA:19,1
DA:20,1
DA:22,0
LF:11
LH:9
BRF:0
BRH:0
end_of_record
TN:
SF:src\dto\address.dto.ts
FNF:0
FNH:0
DA:1,2
DA:3,2
DA:6,2
DA:10,2
DA:14,2
DA:18,2
DA:21,2
DA:24,2
DA:28,2
DA:32,2
DA:36,2
LF:11
LH:11
BRF:0
BRH:0
end_of_record
TN:
SF:src\dto\user.dto.ts
FNF:0
FNH:0
DA:1,2
DA:3,2
DA:6,2
DA:11,2
DA:15,2
DA:18,2
DA:21,2
DA:26,2
LF:8
LH:8
BRF:0
BRH:0
end_of_record
TN:
SF:src\services\address.service.ts
FN:9,(anonymous_0)
FN:13,(anonymous_1)
FN:17,(anonymous_2)
FN:21,(anonymous_3)
FN:27,(anonymous_4)
FN:33,(anonymous_5)
FNF:6
FNH:6
FNDA:1,(anonymous_0)
FNDA:1,(anonymous_1)
FNDA:1,(anonymous_2)
FNDA:2,(anonymous_3)
FNDA:1,(anonymous_4)
FNDA:4,(anonymous_5)
DA:1,2
DA:5,2
DA:8,2
DA:10,1
DA:14,1
DA:18,1
DA:22,2
DA:24,2
DA:28,1
DA:30,1
DA:34,4
DA:35,4
DA:37,4
LF:13
LH:13
BRDA:35,0,0,0
BRF:1
BRH:0
end_of_record
TN:
SF:src\services\user.service.ts
FN:13,(anonymous_1)
FN:17,(anonymous_2)
FN:41,(anonymous_3)
FN:52,(anonymous_4)
FN:57,(anonymous_5)
FN:64,(anonymous_6)
FN:65,(anonymous_7)
FNF:7
FNH:6
FNDA:4,(anonymous_1)
FNDA:2,(anonymous_2)
FNDA:1,(anonymous_3)
FNDA:2,(anonymous_4)
FNDA:5,(anonymous_5)
FNDA:5,(anonymous_6)
FNDA:0,(anonymous_7)
DA:1,2
DA:2,2
DA:4,2
DA:5,2
DA:6,2
DA:9,2
DA:10,4
DA:14,4
DA:18,2
DA:19,2
DA:21,2
DA:23,2
DA:27,2
DA:28,1
DA:31,2
DA:37,2
DA:38,2
DA:42,1
DA:43,1
DA:45,1
DA:46,1
DA:48,1
DA:49,1
DA:53,2
DA:54,2
DA:58,5
DA:59,4
DA:62,4
DA:64,4
DA:65,5
DA:67,0
DA:69,0
LF:32
LH:30
BRDA:19,0,0,0
BRDA:27,1,0,1
BRDA:43,2,0,0
BRDA:46,3,0,0
BRF:4
BRH:1
end_of_record
TN:
SF:src\utils\errors.ts
FN:5,(anonymous_0)
FN:14,(anonymous_1)
FN:20,(anonymous_2)
FN:26,(anonymous_3)
FN:32,(anonymous_4)
FNF:5
FNH:0
FNDA:0,(anonymous_0)
FNDA:0,(anonymous_1)
FNDA:0,(anonymous_2)
FNDA:0,(anonymous_3)
FNDA:0,(anonymous_4)
DA:1,2
DA:6,0
DA:7,0
DA:8,0
DA:9,0
DA:13,2
DA:15,0
DA:19,2
DA:21,0
DA:25,2
DA:27,0
DA:31,2
DA:33,0
LF:13
LH:5
BRF:0
BRH:0
end_of_record
TN:
SF:src\utils\jwt.ts
FN:5,(anonymous_1)
FN:9,(anonymous_2)
FN:13,(anonymous_3)
FN:20,(anonymous_4)
FNF:4
FNH:4
FNDA:6,(anonymous_1)
FNDA:3,(anonymous_2)
FNDA:24,(anonymous_3)
FNDA:19,(anonymous_4)
DA:1,2
DA:5,2
DA:6,6
DA:7,6
DA:10,3
DA:14,24
DA:16,24
DA:17,5
DA:20,19
DA:21,19
DA:22,5
DA:24,14
DA:25,14
LF:13
LH:13
BRDA:16,0,0,5
BRDA:21,1,0,5
BRF:2
BRH:2
end_of_record
TN:
SF:src\utils\validate.ts
FN:5,ValidateDto
FN:6,(anonymous_1)
FN:8,(anonymous_2)
FN:10,(anonymous_3)
FNF:4
FNH:4
FNDA:8,ValidateDto
FNDA:24,(anonymous_1)
FNDA:24,(anonymous_2)
FNDA:18,(anonymous_3)
DA:2,2
DA:3,2
DA:5,2
DA:6,8
DA:7,24
DA:8,24
DA:9,24
DA:10,18
DA:11,18
DA:13,6
LF:10
LH:10
BRDA:9,0,0,18
BRDA:9,0,1,6
BRDA:10,1,0,18
BRDA:10,1,1,0
BRF:4
BRH:3
end_of_record
