{"C:\\Users\\Erenn\\Documents\\GitHub\\octopus-case\\product-service\\src\\index.ts": {"path":"C:\\Users\\Erenn\\Documents\\GitHub\\octopus-case\\product-service\\src\\index.ts","statementMap":{"0":{"start":{"line":1,"column":0},"end":{"line":1,"column":32}},"1":{"start":{"line":2,"column":0},"end":{"line":2,"column":67}},"2":{"start":{"line":4,"column":0},"end":{"line":4,"column":41}},"3":{"start":{"line":5,"column":0},"end":{"line":5,"column":47}},"4":{"start":{"line":6,"column":0},"end":{"line":6,"column":69}},"5":{"start":{"line":7,"column":0},"end":{"line":7,"column":71}},"6":{"start":{"line":8,"column":0},"end":{"line":8,"column":43}},"7":{"start":{"line":10,"column":12},"end":{"line":10,"column":21}},"8":{"start":{"line":13,"column":1},"end":{"line":13,"column":25}},"9":{"start":{"line":16,"column":27},"end":{"line":16,"column":50}},"10":{"start":{"line":18,"column":20},"end":{"line":18,"column":36}},"11":{"start":{"line":20,"column":1},"end":{"line":20,"column":133}},"12":{"start":{"line":21,"column":1},"end":{"line":21,"column":101}},"13":{"start":{"line":22,"column":1},"end":{"line":22,"column":105}},"14":{"start":{"line":23,"column":1},"end":{"line":23,"column":135}},"15":{"start":{"line":24,"column":1},"end":{"line":24,"column":107}},"16":{"start":{"line":26,"column":1},"end":{"line":28,"column":4}},"17":{"start":{"line":27,"column":2},"end":{"line":27,"column":72}},"18":{"start":{"line":30,"column":1},"end":{"line":41,"column":4}},"19":{"start":{"line":31,"column":2},"end":{"line":31,"column":21}},"20":{"start":{"line":35,"column":21},"end":{"line":35,"column":42}},"21":{"start":{"line":36,"column":18},"end":{"line":36,"column":55}},"22":{"start":{"line":38,"column":2},"end":{"line":40,"column":5}},"23":{"start":{"line":43,"column":1},"end":{"line":45,"column":4}},"24":{"start":{"line":44,"column":2},"end":{"line":44,"column":50}},"25":{"start":{"line":49,"column":0},"end":{"line":60,"column":4}},"26":{"start":{"line":51,"column":2},"end":{"line":53,"column":66}},"27":{"start":{"line":52,"column":15},"end":{"line":52,"column":57}},"28":{"start":{"line":53,"column":17},"end":{"line":53,"column":64}},"29":{"start":{"line":54,"column":2},"end":{"line":54,"column":24}},"30":{"start":{"line":57,"column":2},"end":{"line":57,"column":19}},"31":{"start":{"line":58,"column":2},"end":{"line":58,"column":30}},"32":{"start":{"line":59,"column":2},"end":{"line":59,"column":18}},"33":{"start":{"line":62,"column":0},"end":{"line":62,"column":19}}},"fnMap":{"0":{"name":"main","decl":{"start":{"line":12,"column":15},"end":{"line":12,"column":19}},"loc":{"start":{"line":12,"column":19},"end":{"line":47,"column":1}}},"1":{"name":"(anonymous_2)","decl":{"start":{"line":26,"column":14},"end":{"line":26,"column":15}},"loc":{"start":{"line":26,"column":46},"end":{"line":28,"column":2}}},"2":{"name":"(anonymous_3)","decl":{"start":{"line":30,"column":9},"end":{"line":30,"column":10}},"loc":{"start":{"line":30,"column":71},"end":{"line":41,"column":2}}},"3":{"name":"(anonymous_4)","decl":{"start":{"line":43,"column":46},"end":{"line":43,"column":49}},"loc":{"start":{"line":43,"column":51},"end":{"line":45,"column":2}}},"4":{"name":"(anonymous_5)","decl":{"start":{"line":50,"column":7},"end":{"line":50,"column":12}},"loc":{"start":{"line":50,"column":18},"end":{"line":55,"column":2}}},"5":{"name":"(anonymous_6)","decl":{"start":{"line":52,"column":9},"end":{"line":52,"column":12}},"loc":{"start":{"line":52,"column":15},"end":{"line":52,"column":57}}},"6":{"name":"(anonymous_7)","decl":{"start":{"line":53,"column":10},"end":{"line":53,"column":13}},"loc":{"start":{"line":53,"column":17},"end":{"line":53,"column":64}}},"7":{"name":"(anonymous_8)","decl":{"start":{"line":56,"column":8},"end":{"line":56,"column":13}},"loc":{"start":{"line":56,"column":20},"end":{"line":60,"column":2}}}},"branchMap":{"0":{"loc":{"start":{"line":35,"column":21},"end":{"line":35,"column":42}},"type":"binary-expr","locations":[{"start":{"line":35,"column":21},"end":{"line":35,"column":35}},{"start":{"line":35,"column":39},"end":{"line":35,"column":42}}]},"1":{"loc":{"start":{"line":36,"column":18},"end":{"line":36,"column":55}},"type":"binary-expr","locations":[{"start":{"line":36,"column":18},"end":{"line":36,"column":29}},{"start":{"line":36,"column":33},"end":{"line":36,"column":55}}]},"2":{"loc":{"start":{"line":43,"column":12},"end":{"line":43,"column":44}},"type":"binary-expr","locations":[{"start":{"line":43,"column":12},"end":{"line":43,"column":36}},{"start":{"line":43,"column":40},"end":{"line":43,"column":44}}]},"3":{"loc":{"start":{"line":51,"column":19},"end":{"line":51,"column":84}},"type":"binary-expr","locations":[{"start":{"line":51,"column":19},"end":{"line":51,"column":40}},{"start":{"line":51,"column":44},"end":{"line":51,"column":84}}]}},"s":{"0":1,"1":1,"2":1,"3":1,"4":1,"5":1,"6":1,"7":1,"8":1,"9":1,"10":1,"11":1,"12":1,"13":1,"14":1,"15":1,"16":1,"17":0,"18":1,"19":0,"20":0,"21":0,"22":0,"23":1,"24":1,"25":1,"26":1,"27":1,"28":0,"29":1,"30":0,"31":0,"32":0,"33":1},"f":{"0":1,"1":0,"2":0,"3":1,"4":1,"5":1,"6":0,"7":0},"b":{"0":[0,0],"1":[0,0],"2":[1,1],"3":[1,1]}}
,"C:\\Users\\Erenn\\Documents\\GitHub\\octopus-case\\product-service\\src\\rabbitmq.ts": {"path":"C:\\Users\\Erenn\\Documents\\GitHub\\octopus-case\\product-service\\src\\rabbitmq.ts","statementMap":{"0":{"start":{"line":5,"column":0},"end":{"line":5,"column":7}},"1":{"start":{"line":1,"column":0},"end":{"line":1,"column":27}},"2":{"start":{"line":3,"column":0},"end":{"line":3,"column":50}},"3":{"start":{"line":6,"column":1},"end":{"line":33,"column":2}},"4":{"start":{"line":7,"column":21},"end":{"line":7,"column":59}},"5":{"start":{"line":8,"column":18},"end":{"line":8,"column":50}},"6":{"start":{"line":10,"column":2},"end":{"line":10,"column":71}},"7":{"start":{"line":11,"column":2},"end":{"line":11,"column":72}},"8":{"start":{"line":13,"column":2},"end":{"line":27,"column":5}},"9":{"start":{"line":14,"column":3},"end":{"line":26,"column":4}},"10":{"start":{"line":15,"column":22},"end":{"line":15,"column":65}},"11":{"start":{"line":17,"column":21},"end":{"line":17,"column":49}},"12":{"start":{"line":19,"column":4},"end":{"line":19,"column":21}},"13":{"start":{"line":22,"column":4},"end":{"line":25,"column":9}},"14":{"start":{"line":30,"column":2},"end":{"line":30,"column":43}},"15":{"start":{"line":32,"column":2},"end":{"line":32,"column":49}},"16":{"start":{"line":37,"column":1},"end":{"line":53,"column":2}},"17":{"start":{"line":38,"column":18},"end":{"line":38,"column":66}},"18":{"start":{"line":40,"column":2},"end":{"line":44,"column":3}},"19":{"start":{"line":42,"column":3},"end":{"line":42,"column":29}},"20":{"start":{"line":43,"column":3},"end":{"line":43,"column":10}},"21":{"start":{"line":46,"column":2},"end":{"line":46,"column":38}},"22":{"start":{"line":47,"column":2},"end":{"line":47,"column":23}},"23":{"start":{"line":49,"column":2},"end":{"line":49,"column":23}},"24":{"start":{"line":52,"column":2},"end":{"line":52,"column":56}}},"fnMap":{"0":{"name":"startRabbitMQ","decl":{"start":{"line":5,"column":22},"end":{"line":5,"column":35}},"loc":{"start":{"line":5,"column":35},"end":{"line":34,"column":1}}},"1":{"name":"(anonymous_2)","decl":{"start":{"line":13,"column":42},"end":{"line":13,"column":47}},"loc":{"start":{"line":13,"column":56},"end":{"line":27,"column":3}}},"2":{"name":"updateStock","decl":{"start":{"line":36,"column":15},"end":{"line":36,"column":26}},"loc":{"start":{"line":36,"column":43},"end":{"line":54,"column":1}}}},"branchMap":{"0":{"loc":{"start":{"line":14,"column":3},"end":{"line":26,"column":4}},"type":"if","locations":[{"start":{"line":14,"column":3},"end":{"line":26,"column":4}}]},"1":{"loc":{"start":{"line":40,"column":2},"end":{"line":44,"column":3}},"type":"if","locations":[{"start":{"line":40,"column":2},"end":{"line":44,"column":3}}]}},"s":{"0":1,"1":1,"2":1,"3":1,"4":1,"5":1,"6":1,"7":1,"8":1,"9":0,"10":0,"11":0,"12":0,"13":0,"14":1,"15":0,"16":0,"17":0,"18":0,"19":0,"20":0,"21":0,"22":0,"23":0,"24":0},"f":{"0":1,"1":0,"2":0},"b":{"0":[0],"1":[0]}}
,"C:\\Users\\Erenn\\Documents\\GitHub\\octopus-case\\product-service\\src\\controllers\\product.controller.ts": {"path":"C:\\Users\\Erenn\\Documents\\GitHub\\octopus-case\\product-service\\src\\controllers\\product.controller.ts","statementMap":{"0":{"start":{"line":3,"column":0},"end":{"line":3,"column":61}},"1":{"start":{"line":4,"column":0},"end":{"line":4,"column":50}},"2":{"start":{"line":7,"column":9},"end":{"line":7,"column":47}},"3":{"start":{"line":10,"column":2},"end":{"line":15,"column":3}},"4":{"start":{"line":11,"column":18},"end":{"line":11,"column":60}},"5":{"start":{"line":12,"column":3},"end":{"line":12,"column":32}},"6":{"start":{"line":14,"column":3},"end":{"line":14,"column":15}},"7":{"start":{"line":19,"column":2},"end":{"line":24,"column":3}},"8":{"start":{"line":20,"column":18},"end":{"line":20,"column":52}},"9":{"start":{"line":21,"column":3},"end":{"line":21,"column":32}},"10":{"start":{"line":23,"column":3},"end":{"line":23,"column":15}},"11":{"start":{"line":28,"column":2},"end":{"line":35,"column":3}},"12":{"start":{"line":29,"column":3},"end":{"line":29,"column":68}},"13":{"start":{"line":29,"column":23},"end":{"line":29,"column":68}},"14":{"start":{"line":31,"column":18},"end":{"line":31,"column":66}},"15":{"start":{"line":32,"column":3},"end":{"line":32,"column":32}},"16":{"start":{"line":34,"column":3},"end":{"line":34,"column":15}},"17":{"start":{"line":39,"column":2},"end":{"line":46,"column":3}},"18":{"start":{"line":40,"column":3},"end":{"line":40,"column":68}},"19":{"start":{"line":40,"column":23},"end":{"line":40,"column":68}},"20":{"start":{"line":42,"column":18},"end":{"line":42,"column":75}},"21":{"start":{"line":43,"column":3},"end":{"line":43,"column":32}},"22":{"start":{"line":45,"column":3},"end":{"line":45,"column":15}},"23":{"start":{"line":50,"column":2},"end":{"line":57,"column":3}},"24":{"start":{"line":51,"column":3},"end":{"line":51,"column":68}},"25":{"start":{"line":51,"column":23},"end":{"line":51,"column":68}},"26":{"start":{"line":53,"column":3},"end":{"line":53,"column":51}},"27":{"start":{"line":54,"column":3},"end":{"line":54,"column":26}},"28":{"start":{"line":56,"column":3},"end":{"line":56,"column":15}},"29":{"start":{"line":6,"column":0},"end":{"line":6,"column":13}}},"fnMap":{"0":{"name":"(anonymous_0)","decl":{"start":{"line":6,"column":0},"end":{"line":6,"column":13}},"loc":{"start":{"line":6,"column":0},"end":{"line":59,"column":1}}},"1":{"name":"(anonymous_1)","decl":{"start":{"line":9,"column":1},"end":{"line":9,"column":6}},"loc":{"start":{"line":9,"column":61},"end":{"line":16,"column":2}}},"2":{"name":"(anonymous_2)","decl":{"start":{"line":18,"column":1},"end":{"line":18,"column":6}},"loc":{"start":{"line":18,"column":61},"end":{"line":25,"column":2}}},"3":{"name":"(anonymous_3)","decl":{"start":{"line":27,"column":1},"end":{"line":27,"column":6}},"loc":{"start":{"line":27,"column":62},"end":{"line":36,"column":2}}},"4":{"name":"(anonymous_4)","decl":{"start":{"line":38,"column":1},"end":{"line":38,"column":6}},"loc":{"start":{"line":38,"column":61},"end":{"line":47,"column":2}}},"5":{"name":"(anonymous_5)","decl":{"start":{"line":49,"column":1},"end":{"line":49,"column":6}},"loc":{"start":{"line":49,"column":61},"end":{"line":58,"column":2}}}},"branchMap":{"0":{"loc":{"start":{"line":29,"column":3},"end":{"line":29,"column":68}},"type":"if","locations":[{"start":{"line":29,"column":3},"end":{"line":29,"column":68}}]},"1":{"loc":{"start":{"line":40,"column":3},"end":{"line":40,"column":68}},"type":"if","locations":[{"start":{"line":40,"column":3},"end":{"line":40,"column":68}}]},"2":{"loc":{"start":{"line":51,"column":3},"end":{"line":51,"column":68}},"type":"if","locations":[{"start":{"line":51,"column":3},"end":{"line":51,"column":68}}]}},"s":{"0":1,"1":1,"2":1,"3":1,"4":1,"5":1,"6":0,"7":1,"8":1,"9":1,"10":0,"11":1,"12":1,"13":0,"14":1,"15":1,"16":0,"17":1,"18":1,"19":0,"20":1,"21":1,"22":0,"23":1,"24":1,"25":0,"26":1,"27":1,"28":0,"29":1},"f":{"0":1,"1":1,"2":1,"3":1,"4":1,"5":1},"b":{"0":[0],"1":[0],"2":[0]}}
,"C:\\Users\\Erenn\\Documents\\GitHub\\octopus-case\\product-service\\src\\dto\\product.dto.ts": {"path":"C:\\Users\\Erenn\\Documents\\GitHub\\octopus-case\\product-service\\src\\dto\\product.dto.ts","statementMap":{"0":{"start":{"line":1,"column":0},"end":{"line":1,"column":70}},"1":{"start":{"line":3,"column":0},"end":{"line":3,"column":13}},"2":{"start":{"line":5,"column":1},"end":{"line":5,"column":null}},"3":{"start":{"line":8,"column":1},"end":{"line":8,"column":null}},"4":{"start":{"line":12,"column":1},"end":{"line":12,"column":null}},"5":{"start":{"line":15,"column":0},"end":{"line":15,"column":13}},"6":{"start":{"line":18,"column":1},"end":{"line":18,"column":null}},"7":{"start":{"line":22,"column":1},"end":{"line":22,"column":null}},"8":{"start":{"line":27,"column":1},"end":{"line":27,"column":null}}},"fnMap":{},"branchMap":{},"s":{"0":1,"1":1,"2":1,"3":1,"4":1,"5":1,"6":1,"7":1,"8":1},"f":{},"b":{}}
,"C:\\Users\\Erenn\\Documents\\GitHub\\octopus-case\\product-service\\src\\models\\product.model.ts": {"path":"C:\\Users\\Erenn\\Documents\\GitHub\\octopus-case\\product-service\\src\\models\\product.model.ts","statementMap":{"0":{"start":{"line":1,"column":0},"end":{"line":1,"column":54}},"1":{"start":{"line":10,"column":22},"end":{"line":15,"column":2}},"2":{"start":{"line":17,"column":21},"end":{"line":17,"column":70}},"3":{"start":{"line":18,"column":0},"end":{"line":18,"column":28}}},"fnMap":{},"branchMap":{},"s":{"0":1,"1":1,"2":1,"3":1},"f":{},"b":{}}
,"C:\\Users\\Erenn\\Documents\\GitHub\\octopus-case\\product-service\\src\\services\\product.service.ts": {"path":"C:\\Users\\Erenn\\Documents\\GitHub\\octopus-case\\product-service\\src\\services\\product.service.ts","statementMap":{"0":{"start":{"line":1,"column":0},"end":{"line":1,"column":50}},"1":{"start":{"line":3,"column":0},"end":{"line":3,"column":64}},"2":{"start":{"line":7,"column":18},"end":{"line":7,"column":52}},"3":{"start":{"line":8,"column":2},"end":{"line":8,"column":23}},"4":{"start":{"line":10,"column":2},"end":{"line":10,"column":17}},"5":{"start":{"line":14,"column":2},"end":{"line":14,"column":29}},"6":{"start":{"line":18,"column":2},"end":{"line":18,"column":29}},"7":{"start":{"line":22,"column":2},"end":{"line":22,"column":28}},"8":{"start":{"line":24,"column":2},"end":{"line":24,"column":77}},"9":{"start":{"line":28,"column":2},"end":{"line":28,"column":43}},"10":{"start":{"line":30,"column":2},"end":{"line":30,"column":14}},"11":{"start":{"line":34,"column":18},"end":{"line":34,"column":49}},"12":{"start":{"line":35,"column":2},"end":{"line":35,"column":63}},"13":{"start":{"line":35,"column":16},"end":{"line":35,"column":63}},"14":{"start":{"line":37,"column":2},"end":{"line":37,"column":17}},"15":{"start":{"line":5,"column":0},"end":{"line":5,"column":13}}},"fnMap":{"0":{"name":"(anonymous_1)","decl":{"start":{"line":6,"column":1},"end":{"line":6,"column":6}},"loc":{"start":{"line":6,"column":48},"end":{"line":11,"column":2}}},"1":{"name":"(anonymous_2)","decl":{"start":{"line":13,"column":1},"end":{"line":13,"column":6}},"loc":{"start":{"line":13,"column":13},"end":{"line":15,"column":2}}},"2":{"name":"(anonymous_3)","decl":{"start":{"line":17,"column":1},"end":{"line":17,"column":6}},"loc":{"start":{"line":17,"column":25},"end":{"line":19,"column":2}}},"3":{"name":"(anonymous_4)","decl":{"start":{"line":21,"column":1},"end":{"line":21,"column":6}},"loc":{"start":{"line":21,"column":60},"end":{"line":25,"column":2}}},"4":{"name":"(anonymous_5)","decl":{"start":{"line":27,"column":1},"end":{"line":27,"column":6}},"loc":{"start":{"line":27,"column":24},"end":{"line":31,"column":2}}},"5":{"name":"(anonymous_6)","decl":{"start":{"line":33,"column":9},"end":{"line":33,"column":14}},"loc":{"start":{"line":33,"column":36},"end":{"line":38,"column":2}}}},"branchMap":{"0":{"loc":{"start":{"line":35,"column":2},"end":{"line":35,"column":63}},"type":"if","locations":[{"start":{"line":35,"column":2},"end":{"line":35,"column":63}}]}},"s":{"0":1,"1":1,"2":1,"3":1,"4":1,"5":1,"6":1,"7":1,"8":1,"9":1,"10":1,"11":2,"12":2,"13":0,"14":2,"15":1},"f":{"0":1,"1":1,"2":1,"3":1,"4":1,"5":2},"b":{"0":[0]}}
,"C:\\Users\\Erenn\\Documents\\GitHub\\octopus-case\\product-service\\src\\utils\\errors.ts": {"path":"C:\\Users\\Erenn\\Documents\\GitHub\\octopus-case\\product-service\\src\\utils\\errors.ts","statementMap":{"0":{"start":{"line":6,"column":2},"end":{"line":6,"column":17}},"1":{"start":{"line":7,"column":2},"end":{"line":7,"column":31}},"2":{"start":{"line":8,"column":2},"end":{"line":8,"column":29}},"3":{"start":{"line":9,"column":2},"end":{"line":9,"column":51}},"4":{"start":{"line":1,"column":0},"end":{"line":1,"column":13}},"5":{"start":{"line":15,"column":2},"end":{"line":15,"column":35}},"6":{"start":{"line":13,"column":0},"end":{"line":13,"column":13}},"7":{"start":{"line":21,"column":2},"end":{"line":21,"column":38}},"8":{"start":{"line":19,"column":0},"end":{"line":19,"column":13}},"9":{"start":{"line":27,"column":2},"end":{"line":27,"column":37}},"10":{"start":{"line":25,"column":0},"end":{"line":25,"column":13}},"11":{"start":{"line":33,"column":2},"end":{"line":33,"column":47}},"12":{"start":{"line":31,"column":0},"end":{"line":31,"column":13}}},"fnMap":{"0":{"name":"(anonymous_0)","decl":{"start":{"line":5,"column":1},"end":{"line":5,"column":13}},"loc":{"start":{"line":5,"column":67},"end":{"line":10,"column":2}}},"1":{"name":"(anonymous_1)","decl":{"start":{"line":14,"column":1},"end":{"line":14,"column":13}},"loc":{"start":{"line":14,"column":28},"end":{"line":16,"column":2}}},"2":{"name":"(anonymous_2)","decl":{"start":{"line":20,"column":1},"end":{"line":20,"column":13}},"loc":{"start":{"line":20,"column":28},"end":{"line":22,"column":2}}},"3":{"name":"(anonymous_3)","decl":{"start":{"line":26,"column":1},"end":{"line":26,"column":13}},"loc":{"start":{"line":26,"column":28},"end":{"line":28,"column":2}}},"4":{"name":"(anonymous_4)","decl":{"start":{"line":32,"column":1},"end":{"line":32,"column":13}},"loc":{"start":{"line":32,"column":28},"end":{"line":34,"column":2}}}},"branchMap":{},"s":{"0":0,"1":0,"2":0,"3":0,"4":1,"5":0,"6":1,"7":0,"8":1,"9":0,"10":1,"11":0,"12":1},"f":{"0":0,"1":0,"2":0,"3":0,"4":0},"b":{}}
,"C:\\Users\\Erenn\\Documents\\GitHub\\octopus-case\\product-service\\src\\utils\\jwt.ts": {"path":"C:\\Users\\Erenn\\Documents\\GitHub\\octopus-case\\product-service\\src\\utils\\jwt.ts","statementMap":{"0":{"start":{"line":1,"column":0},"end":{"line":1,"column":31}},"1":{"start":{"line":5,"column":9},"end":{"line":5,"column":28}},"2":{"start":{"line":6,"column":9},"end":{"line":6,"column":26}},"3":{"start":{"line":9,"column":2},"end":{"line":9,"column":72}},"4":{"start":{"line":13,"column":16},"end":{"line":13,"column":59}},"5":{"start":{"line":15,"column":2},"end":{"line":17,"column":3}},"6":{"start":{"line":16,"column":3},"end":{"line":16,"column":65}},"7":{"start":{"line":19,"column":2},"end":{"line":25,"column":5}},"8":{"start":{"line":20,"column":3},"end":{"line":22,"column":4}},"9":{"start":{"line":21,"column":4},"end":{"line":21,"column":73}},"10":{"start":{"line":23,"column":3},"end":{"line":23,"column":45}},"11":{"start":{"line":24,"column":3},"end":{"line":24,"column":10}},"12":{"start":{"line":4,"column":0},"end":{"line":4,"column":13}}},"fnMap":{"0":{"name":"(anonymous_1)","decl":{"start":{"line":4,"column":0},"end":{"line":4,"column":13}},"loc":{"start":{"line":4,"column":0},"end":{"line":28,"column":1}}},"1":{"name":"(anonymous_2)","decl":{"start":{"line":8,"column":1},"end":{"line":8,"column":9}},"loc":{"start":{"line":8,"column":38},"end":{"line":10,"column":2}}},"2":{"name":"(anonymous_3)","decl":{"start":{"line":12,"column":1},"end":{"line":12,"column":8}},"loc":{"start":{"line":12,"column":47},"end":{"line":27,"column":2}}},"3":{"name":"(anonymous_4)","decl":{"start":{"line":19,"column":34},"end":{"line":19,"column":35}},"loc":{"start":{"line":19,"column":51},"end":{"line":25,"column":3}}}},"branchMap":{"0":{"loc":{"start":{"line":15,"column":2},"end":{"line":17,"column":3}},"type":"if","locations":[{"start":{"line":15,"column":2},"end":{"line":17,"column":3}}]},"1":{"loc":{"start":{"line":20,"column":3},"end":{"line":22,"column":4}},"type":"if","locations":[{"start":{"line":20,"column":3},"end":{"line":22,"column":4}}]}},"s":{"0":1,"1":2,"2":2,"3":1,"4":17,"5":17,"6":5,"7":12,"8":12,"9":5,"10":7,"11":7,"12":1},"f":{"0":2,"1":1,"2":17,"3":12},"b":{"0":[5],"1":[5]}}
,"C:\\Users\\Erenn\\Documents\\GitHub\\octopus-case\\product-service\\src\\utils\\validate.ts": {"path":"C:\\Users\\Erenn\\Documents\\GitHub\\octopus-case\\product-service\\src\\utils\\validate.ts","statementMap":{"0":{"start":{"line":5,"column":0},"end":{"line":5,"column":16}},"1":{"start":{"line":2,"column":0},"end":{"line":2,"column":43}},"2":{"start":{"line":3,"column":0},"end":{"line":3,"column":52}},"3":{"start":{"line":6,"column":1},"end":{"line":16,"column":3}},"4":{"start":{"line":7,"column":22},"end":{"line":7,"column":57}},"5":{"start":{"line":8,"column":2},"end":{"line":15,"column":5}},"6":{"start":{"line":9,"column":3},"end":{"line":14,"column":4}},"7":{"start":{"line":10,"column":20},"end":{"line":10,"column":84}},"8":{"start":{"line":10,"column":38},"end":{"line":10,"column":72}},"9":{"start":{"line":11,"column":4},"end":{"line":11,"column":38}},"10":{"start":{"line":13,"column":4},"end":{"line":13,"column":11}}},"fnMap":{"0":{"name":"ValidateDto","decl":{"start":{"line":5,"column":16},"end":{"line":5,"column":27}},"loc":{"start":{"line":5,"column":52},"end":{"line":17,"column":1}}},"1":{"name":"(anonymous_1)","decl":{"start":{"line":6,"column":8},"end":{"line":6,"column":9}},"loc":{"start":{"line":6,"column":60},"end":{"line":16,"column":2}}},"2":{"name":"(anonymous_2)","decl":{"start":{"line":8,"column":36},"end":{"line":8,"column":37}},"loc":{"start":{"line":8,"column":47},"end":{"line":15,"column":3}}},"3":{"name":"(anonymous_3)","decl":{"start":{"line":10,"column":31},"end":{"line":10,"column":32}},"loc":{"start":{"line":10,"column":38},"end":{"line":10,"column":72}}}},"branchMap":{"0":{"loc":{"start":{"line":9,"column":3},"end":{"line":14,"column":4}},"type":"if","locations":[{"start":{"line":9,"column":3},"end":{"line":14,"column":4}},{"start":{"line":12,"column":10},"end":{"line":14,"column":4}}]},"1":{"loc":{"start":{"line":10,"column":52},"end":{"line":10,"column":71}},"type":"binary-expr","locations":[{"start":{"line":10,"column":52},"end":{"line":10,"column":65}},{"start":{"line":10,"column":69},"end":{"line":10,"column":71}}]}},"s":{"0":1,"1":1,"2":1,"3":2,"4":4,"5":4,"6":4,"7":2,"8":3,"9":2,"10":2},"f":{"0":2,"1":4,"2":4,"3":3},"b":{"0":[2,2],"1":[3,0]}}
}
