TN:
SF:src\index.ts
FN:12,main
FN:26,(anonymous_2)
FN:30,(anonymous_3)
FN:43,(anonymous_4)
FN:50,(anonymous_5)
FN:52,(anonymous_6)
FN:53,(anonymous_7)
FN:56,(anonymous_8)
FNF:8
FNH:4
FNDA:1,main
FNDA:0,(anonymous_2)
FNDA:0,(anonymous_3)
FNDA:1,(anonymous_4)
FNDA:1,(anonymous_5)
FNDA:1,(anonymous_6)
FNDA:0,(anonymous_7)
FNDA:0,(anonymous_8)
DA:1,1
DA:2,1
DA:4,1
DA:5,1
DA:6,1
DA:7,1
DA:8,1
DA:10,1
DA:13,1
DA:16,1
DA:18,1
DA:20,1
DA:21,1
DA:22,1
DA:23,1
DA:24,1
DA:26,1
DA:27,0
DA:30,1
DA:31,0
DA:35,0
DA:36,0
DA:38,0
DA:43,1
DA:44,1
DA:49,1
DA:51,1
DA:52,1
DA:53,0
DA:54,1
DA:57,0
DA:58,0
DA:59,0
DA:62,1
LF:34
LH:25
BRDA:35,0,0,0
BRDA:35,0,1,0
BRDA:36,1,0,0
BRDA:36,1,1,0
BRDA:43,2,0,1
BRDA:43,2,1,1
BRDA:51,3,0,1
BRDA:51,3,1,1
BRF:8
BRH:4
end_of_record
TN:
SF:src\rabbitmq.ts
FN:5,startRabbitMQ
FN:13,(anonymous_2)
FN:36,updateStock
FNF:3
FNH:1
FNDA:1,startRabbitMQ
FNDA:0,(anonymous_2)
FNDA:0,updateStock
DA:1,1
DA:3,1
DA:5,1
DA:6,1
DA:7,1
DA:8,1
DA:10,1
DA:11,1
DA:13,1
DA:14,0
DA:15,0
DA:17,0
DA:19,0
DA:22,0
DA:30,1
DA:32,0
DA:37,0
DA:38,0
DA:40,0
DA:42,0
DA:43,0
DA:46,0
DA:47,0
DA:49,0
DA:52,0
LF:25
LH:10
BRDA:14,0,0,0
BRDA:40,1,0,0
BRF:2
BRH:0
end_of_record
TN:
SF:src\controllers\product.controller.ts
FN:6,(anonymous_0)
FN:9,(anonymous_1)
FN:18,(anonymous_2)
FN:27,(anonymous_3)
FN:38,(anonymous_4)
FN:49,(anonymous_5)
FNF:6
FNH:6
FNDA:1,(anonymous_0)
FNDA:1,(anonymous_1)
FNDA:1,(anonymous_2)
FNDA:1,(anonymous_3)
FNDA:1,(anonymous_4)
FNDA:1,(anonymous_5)
DA:3,1
DA:4,1
DA:6,1
DA:7,1
DA:10,1
DA:11,1
DA:12,1
DA:14,0
DA:19,1
DA:20,1
DA:21,1
DA:23,0
DA:28,1
DA:29,1
DA:31,1
DA:32,1
DA:34,0
DA:39,1
DA:40,1
DA:42,1
DA:43,1
DA:45,0
DA:50,1
DA:51,1
DA:53,1
DA:54,1
DA:56,0
LF:27
LH:22
BRDA:29,0,0,0
BRDA:40,1,0,0
BRDA:51,2,0,0
BRF:3
BRH:0
end_of_record
TN:
SF:src\dto\product.dto.ts
FNF:0
FNH:0
DA:1,1
DA:3,1
DA:5,1
DA:8,1
DA:12,1
DA:15,1
DA:18,1
DA:22,1
DA:27,1
LF:9
LH:9
BRF:0
BRH:0
end_of_record
TN:
SF:src\models\product.model.ts
FNF:0
FNH:0
DA:1,1
DA:10,1
DA:17,1
DA:18,1
LF:4
LH:4
BRF:0
BRH:0
end_of_record
TN:
SF:src\services\product.service.ts
FN:6,(anonymous_1)
FN:13,(anonymous_2)
FN:17,(anonymous_3)
FN:21,(anonymous_4)
FN:27,(anonymous_5)
FN:33,(anonymous_6)
FNF:6
FNH:6
FNDA:1,(anonymous_1)
FNDA:1,(anonymous_2)
FNDA:1,(anonymous_3)
FNDA:1,(anonymous_4)
FNDA:1,(anonymous_5)
FNDA:2,(anonymous_6)
DA:1,1
DA:3,1
DA:5,1
DA:7,1
DA:8,1
DA:10,1
DA:14,1
DA:18,1
DA:22,1
DA:24,1
DA:28,1
DA:30,1
DA:34,2
DA:35,2
DA:37,2
LF:15
LH:15
BRDA:35,0,0,0
BRF:1
BRH:0
end_of_record
TN:
SF:src\utils\errors.ts
FN:5,(anonymous_0)
FN:14,(anonymous_1)
FN:20,(anonymous_2)
FN:26,(anonymous_3)
FN:32,(anonymous_4)
FNF:5
FNH:0
FNDA:0,(anonymous_0)
FNDA:0,(anonymous_1)
FNDA:0,(anonymous_2)
FNDA:0,(anonymous_3)
FNDA:0,(anonymous_4)
DA:1,1
DA:6,0
DA:7,0
DA:8,0
DA:9,0
DA:13,1
DA:15,0
DA:19,1
DA:21,0
DA:25,1
DA:27,0
DA:31,1
DA:33,0
LF:13
LH:5
BRF:0
BRH:0
end_of_record
TN:
SF:src\utils\jwt.ts
FN:4,(anonymous_1)
FN:8,(anonymous_2)
FN:12,(anonymous_3)
FN:19,(anonymous_4)
FNF:4
FNH:4
FNDA:2,(anonymous_1)
FNDA:1,(anonymous_2)
FNDA:17,(anonymous_3)
FNDA:12,(anonymous_4)
DA:1,1
DA:4,1
DA:5,2
DA:6,2
DA:9,1
DA:13,17
DA:15,17
DA:16,5
DA:19,12
DA:20,12
DA:21,5
DA:23,7
DA:24,7
LF:13
LH:13
BRDA:15,0,0,5
BRDA:20,1,0,5
BRF:2
BRH:2
end_of_record
TN:
SF:src\utils\validate.ts
FN:5,ValidateDto
FN:6,(anonymous_1)
FN:8,(anonymous_2)
FN:10,(anonymous_3)
FNF:4
FNH:4
FNDA:2,ValidateDto
FNDA:4,(anonymous_1)
FNDA:4,(anonymous_2)
FNDA:3,(anonymous_3)
DA:2,1
DA:3,1
DA:5,1
DA:6,2
DA:7,4
DA:8,4
DA:9,4
DA:10,3
DA:11,2
DA:13,2
LF:10
LH:10
BRDA:9,0,0,2
BRDA:9,0,1,2
BRDA:10,1,0,3
BRDA:10,1,1,0
BRF:4
BRH:3
end_of_record
