{"C:\\Users\\Erenn\\Documents\\GitHub\\octopus-case\\cart-service\\src\\index.ts": {"path":"C:\\Users\\Erenn\\Documents\\GitHub\\octopus-case\\cart-service\\src\\index.ts","statementMap":{"0":{"start":{"line":1,"column":0},"end":{"line":1,"column":26}},"1":{"start":{"line":2,"column":0},"end":{"line":2,"column":32}},"2":{"start":{"line":3,"column":0},"end":{"line":3,"column":67}},"3":{"start":{"line":5,"column":0},"end":{"line":5,"column":41}},"4":{"start":{"line":6,"column":0},"end":{"line":6,"column":47}},"5":{"start":{"line":7,"column":0},"end":{"line":7,"column":63}},"6":{"start":{"line":8,"column":0},"end":{"line":8,"column":44}},"7":{"start":{"line":10,"column":12},"end":{"line":10,"column":21}},"8":{"start":{"line":13,"column":1},"end":{"line":13,"column":25}},"9":{"start":{"line":15,"column":24},"end":{"line":15,"column":44}},"10":{"start":{"line":17,"column":20},"end":{"line":17,"column":36}},"11":{"start":{"line":19,"column":1},"end":{"line":19,"column":121}},"12":{"start":{"line":20,"column":1},"end":{"line":20,"column":92}},"13":{"start":{"line":21,"column":1},"end":{"line":21,"column":135}},"14":{"start":{"line":22,"column":1},"end":{"line":22,"column":141}},"15":{"start":{"line":23,"column":1},"end":{"line":23,"column":143}},"16":{"start":{"line":24,"column":1},"end":{"line":24,"column":98}},"17":{"start":{"line":26,"column":1},"end":{"line":28,"column":4}},"18":{"start":{"line":27,"column":2},"end":{"line":27,"column":72}},"19":{"start":{"line":30,"column":1},"end":{"line":41,"column":4}},"20":{"start":{"line":31,"column":2},"end":{"line":31,"column":21}},"21":{"start":{"line":35,"column":21},"end":{"line":35,"column":42}},"22":{"start":{"line":36,"column":18},"end":{"line":36,"column":55}},"23":{"start":{"line":38,"column":2},"end":{"line":40,"column":5}},"24":{"start":{"line":43,"column":1},"end":{"line":45,"column":4}},"25":{"start":{"line":44,"column":2},"end":{"line":44,"column":50}},"26":{"start":{"line":48,"column":0},"end":{"line":58,"column":4}},"27":{"start":{"line":50,"column":2},"end":{"line":52,"column":66}},"28":{"start":{"line":51,"column":15},"end":{"line":51,"column":57}},"29":{"start":{"line":52,"column":17},"end":{"line":52,"column":64}},"30":{"start":{"line":55,"column":2},"end":{"line":55,"column":19}},"31":{"start":{"line":56,"column":2},"end":{"line":56,"column":30}},"32":{"start":{"line":57,"column":2},"end":{"line":57,"column":18}},"33":{"start":{"line":60,"column":0},"end":{"line":60,"column":19}}},"fnMap":{"0":{"name":"main","decl":{"start":{"line":12,"column":15},"end":{"line":12,"column":19}},"loc":{"start":{"line":12,"column":19},"end":{"line":46,"column":1}}},"1":{"name":"(anonymous_2)","decl":{"start":{"line":26,"column":14},"end":{"line":26,"column":15}},"loc":{"start":{"line":26,"column":46},"end":{"line":28,"column":2}}},"2":{"name":"(anonymous_3)","decl":{"start":{"line":30,"column":9},"end":{"line":30,"column":10}},"loc":{"start":{"line":30,"column":71},"end":{"line":41,"column":2}}},"3":{"name":"(anonymous_4)","decl":{"start":{"line":43,"column":46},"end":{"line":43,"column":49}},"loc":{"start":{"line":43,"column":51},"end":{"line":45,"column":2}}},"4":{"name":"(anonymous_5)","decl":{"start":{"line":49,"column":7},"end":{"line":49,"column":12}},"loc":{"start":{"line":49,"column":18},"end":{"line":53,"column":2}}},"5":{"name":"(anonymous_6)","decl":{"start":{"line":51,"column":9},"end":{"line":51,"column":12}},"loc":{"start":{"line":51,"column":15},"end":{"line":51,"column":57}}},"6":{"name":"(anonymous_7)","decl":{"start":{"line":52,"column":10},"end":{"line":52,"column":13}},"loc":{"start":{"line":52,"column":17},"end":{"line":52,"column":64}}},"7":{"name":"(anonymous_8)","decl":{"start":{"line":54,"column":8},"end":{"line":54,"column":13}},"loc":{"start":{"line":54,"column":20},"end":{"line":58,"column":2}}}},"branchMap":{"0":{"loc":{"start":{"line":35,"column":21},"end":{"line":35,"column":42}},"type":"binary-expr","locations":[{"start":{"line":35,"column":21},"end":{"line":35,"column":35}},{"start":{"line":35,"column":39},"end":{"line":35,"column":42}}]},"1":{"loc":{"start":{"line":36,"column":18},"end":{"line":36,"column":55}},"type":"binary-expr","locations":[{"start":{"line":36,"column":18},"end":{"line":36,"column":29}},{"start":{"line":36,"column":33},"end":{"line":36,"column":55}}]},"2":{"loc":{"start":{"line":43,"column":12},"end":{"line":43,"column":44}},"type":"binary-expr","locations":[{"start":{"line":43,"column":12},"end":{"line":43,"column":36}},{"start":{"line":43,"column":40},"end":{"line":43,"column":44}}]},"3":{"loc":{"start":{"line":50,"column":19},"end":{"line":50,"column":84}},"type":"binary-expr","locations":[{"start":{"line":50,"column":19},"end":{"line":50,"column":40}},{"start":{"line":50,"column":44},"end":{"line":50,"column":84}}]}},"s":{"0":1,"1":1,"2":1,"3":1,"4":1,"5":1,"6":1,"7":1,"8":1,"9":1,"10":1,"11":1,"12":1,"13":1,"14":1,"15":1,"16":1,"17":1,"18":0,"19":1,"20":0,"21":0,"22":0,"23":0,"24":1,"25":1,"26":1,"27":1,"28":1,"29":0,"30":0,"31":0,"32":0,"33":1},"f":{"0":1,"1":0,"2":0,"3":1,"4":1,"5":1,"6":0,"7":0},"b":{"0":[0,0],"1":[0,0],"2":[1,1],"3":[1,1]}}
,"C:\\Users\\Erenn\\Documents\\GitHub\\octopus-case\\cart-service\\src\\controllers\\cart.controller.ts": {"path":"C:\\Users\\Erenn\\Documents\\GitHub\\octopus-case\\cart-service\\src\\controllers\\cart.controller.ts","statementMap":{"0":{"start":{"line":3,"column":0},"end":{"line":3,"column":55}},"1":{"start":{"line":6,"column":9},"end":{"line":6,"column":41}},"2":{"start":{"line":9,"column":2},"end":{"line":14,"column":3}},"3":{"start":{"line":10,"column":18},"end":{"line":10,"column":67}},"4":{"start":{"line":11,"column":3},"end":{"line":11,"column":32}},"5":{"start":{"line":13,"column":3},"end":{"line":13,"column":15}},"6":{"start":{"line":18,"column":2},"end":{"line":23,"column":3}},"7":{"start":{"line":19,"column":18},"end":{"line":19,"column":60}},"8":{"start":{"line":20,"column":3},"end":{"line":20,"column":32}},"9":{"start":{"line":22,"column":3},"end":{"line":22,"column":15}},"10":{"start":{"line":27,"column":2},"end":{"line":32,"column":3}},"11":{"start":{"line":28,"column":18},"end":{"line":28,"column":71}},"12":{"start":{"line":29,"column":3},"end":{"line":29,"column":32}},"13":{"start":{"line":31,"column":3},"end":{"line":31,"column":15}},"14":{"start":{"line":36,"column":2},"end":{"line":41,"column":3}},"15":{"start":{"line":37,"column":18},"end":{"line":37,"column":74}},"16":{"start":{"line":38,"column":3},"end":{"line":38,"column":32}},"17":{"start":{"line":40,"column":3},"end":{"line":40,"column":15}},"18":{"start":{"line":45,"column":2},"end":{"line":50,"column":3}},"19":{"start":{"line":46,"column":18},"end":{"line":46,"column":75}},"20":{"start":{"line":47,"column":3},"end":{"line":47,"column":32}},"21":{"start":{"line":49,"column":3},"end":{"line":49,"column":15}},"22":{"start":{"line":54,"column":2},"end":{"line":59,"column":3}},"23":{"start":{"line":55,"column":3},"end":{"line":55,"column":47}},"24":{"start":{"line":56,"column":3},"end":{"line":56,"column":26}},"25":{"start":{"line":58,"column":3},"end":{"line":58,"column":15}},"26":{"start":{"line":5,"column":0},"end":{"line":5,"column":13}}},"fnMap":{"0":{"name":"(anonymous_0)","decl":{"start":{"line":5,"column":0},"end":{"line":5,"column":13}},"loc":{"start":{"line":5,"column":0},"end":{"line":61,"column":1}}},"1":{"name":"(anonymous_1)","decl":{"start":{"line":8,"column":1},"end":{"line":8,"column":6}},"loc":{"start":{"line":8,"column":61},"end":{"line":15,"column":2}}},"2":{"name":"(anonymous_2)","decl":{"start":{"line":17,"column":1},"end":{"line":17,"column":6}},"loc":{"start":{"line":17,"column":58},"end":{"line":24,"column":2}}},"3":{"name":"(anonymous_3)","decl":{"start":{"line":26,"column":1},"end":{"line":26,"column":6}},"loc":{"start":{"line":26,"column":65},"end":{"line":33,"column":2}}},"4":{"name":"(anonymous_4)","decl":{"start":{"line":35,"column":1},"end":{"line":35,"column":6}},"loc":{"start":{"line":35,"column":68},"end":{"line":42,"column":2}}},"5":{"name":"(anonymous_5)","decl":{"start":{"line":44,"column":1},"end":{"line":44,"column":6}},"loc":{"start":{"line":44,"column":69},"end":{"line":51,"column":2}}},"6":{"name":"(anonymous_6)","decl":{"start":{"line":53,"column":1},"end":{"line":53,"column":6}},"loc":{"start":{"line":53,"column":61},"end":{"line":60,"column":2}}}},"branchMap":{},"s":{"0":1,"1":1,"2":1,"3":1,"4":1,"5":0,"6":1,"7":1,"8":1,"9":0,"10":1,"11":1,"12":1,"13":0,"14":1,"15":1,"16":1,"17":0,"18":0,"19":0,"20":0,"21":0,"22":1,"23":1,"24":1,"25":0,"26":1},"f":{"0":1,"1":1,"2":1,"3":1,"4":1,"5":0,"6":1},"b":{}}
,"C:\\Users\\Erenn\\Documents\\GitHub\\octopus-case\\cart-service\\src\\dto\\cart.dto.ts": {"path":"C:\\Users\\Erenn\\Documents\\GitHub\\octopus-case\\cart-service\\src\\dto\\cart.dto.ts","statementMap":{"0":{"start":{"line":1,"column":0},"end":{"line":1,"column":78}},"1":{"start":{"line":3,"column":0},"end":{"line":3,"column":13}},"2":{"start":{"line":8,"column":1},"end":{"line":8,"column":null}},"3":{"start":{"line":12,"column":1},"end":{"line":12,"column":null}}},"fnMap":{},"branchMap":{},"s":{"0":1,"1":1,"2":1,"3":1},"f":{},"b":{}}
,"C:\\Users\\Erenn\\Documents\\GitHub\\octopus-case\\cart-service\\src\\models\\cart.model.ts": {"path":"C:\\Users\\Erenn\\Documents\\GitHub\\octopus-case\\cart-service\\src\\models\\cart.model.ts","statementMap":{"0":{"start":{"line":1,"column":0},"end":{"line":1,"column":54}},"1":{"start":{"line":13,"column":19},"end":{"line":21,"column":24}},"2":{"start":{"line":23,"column":18},"end":{"line":23,"column":59}},"3":{"start":{"line":25,"column":0},"end":{"line":25,"column":25}}},"fnMap":{},"branchMap":{},"s":{"0":1,"1":1,"2":1,"3":1},"f":{},"b":{}}
,"C:\\Users\\Erenn\\Documents\\GitHub\\octopus-case\\cart-service\\src\\services\\cart.service.ts": {"path":"C:\\Users\\Erenn\\Documents\\GitHub\\octopus-case\\cart-service\\src\\services\\cart.service.ts","statementMap":{"0":{"start":{"line":2,"column":0},"end":{"line":2,"column":48}},"1":{"start":{"line":3,"column":0},"end":{"line":3,"column":56}},"2":{"start":{"line":8,"column":15},"end":{"line":8,"column":66}},"3":{"start":{"line":10,"column":2},"end":{"line":10,"column":67}},"4":{"start":{"line":10,"column":12},"end":{"line":10,"column":67}},"5":{"start":{"line":12,"column":19},"end":{"line":12,"column":72}},"6":{"start":{"line":13,"column":18},"end":{"line":13,"column":62}},"7":{"start":{"line":14,"column":2},"end":{"line":14,"column":23}},"8":{"start":{"line":16,"column":2},"end":{"line":16,"column":17}},"9":{"start":{"line":20,"column":2},"end":{"line":20,"column":28}},"10":{"start":{"line":24,"column":15},"end":{"line":24,"column":39}},"11":{"start":{"line":26,"column":23},"end":{"line":26,"column":90}},"12":{"start":{"line":26,"column":54},"end":{"line":26,"column":89}},"13":{"start":{"line":27,"column":2},"end":{"line":31,"column":3}},"14":{"start":{"line":28,"column":3},"end":{"line":28,"column":34}},"15":{"start":{"line":30,"column":3},"end":{"line":30,"column":63}},"16":{"start":{"line":33,"column":2},"end":{"line":33,"column":20}},"17":{"start":{"line":35,"column":2},"end":{"line":35,"column":14}},"18":{"start":{"line":39,"column":15},"end":{"line":39,"column":39}},"19":{"start":{"line":41,"column":23},"end":{"line":41,"column":90}},"20":{"start":{"line":41,"column":54},"end":{"line":41,"column":89}},"21":{"start":{"line":42,"column":2},"end":{"line":42,"column":68}},"22":{"start":{"line":42,"column":27},"end":{"line":42,"column":68}},"23":{"start":{"line":44,"column":2},"end":{"line":44,"column":37}},"24":{"start":{"line":46,"column":2},"end":{"line":46,"column":14}},"25":{"start":{"line":50,"column":15},"end":{"line":50,"column":39}},"26":{"start":{"line":52,"column":23},"end":{"line":52,"column":90}},"27":{"start":{"line":52,"column":54},"end":{"line":52,"column":89}},"28":{"start":{"line":53,"column":2},"end":{"line":57,"column":3}},"29":{"start":{"line":54,"column":3},"end":{"line":54,"column":34}},"30":{"start":{"line":56,"column":3},"end":{"line":56,"column":62}},"31":{"start":{"line":59,"column":2},"end":{"line":59,"column":20}},"32":{"start":{"line":61,"column":2},"end":{"line":61,"column":14}},"33":{"start":{"line":65,"column":2},"end":{"line":65,"column":56}},"34":{"start":{"line":69,"column":13},"end":{"line":69,"column":64}},"35":{"start":{"line":70,"column":2},"end":{"line":72,"column":3}},"36":{"start":{"line":71,"column":3},"end":{"line":71,"column":38}},"37":{"start":{"line":74,"column":2},"end":{"line":74,"column":14}},"38":{"start":{"line":6,"column":0},"end":{"line":6,"column":13}}},"fnMap":{"0":{"name":"(anonymous_1)","decl":{"start":{"line":7,"column":1},"end":{"line":7,"column":6}},"loc":{"start":{"line":7,"column":64},"end":{"line":17,"column":2}}},"1":{"name":"(anonymous_2)","decl":{"start":{"line":19,"column":1},"end":{"line":19,"column":6}},"loc":{"start":{"line":19,"column":28},"end":{"line":21,"column":2}}},"2":{"name":"(anonymous_3)","decl":{"start":{"line":23,"column":1},"end":{"line":23,"column":6}},"loc":{"start":{"line":23,"column":53},"end":{"line":36,"column":2}}},"3":{"name":"(anonymous_4)","decl":{"start":{"line":26,"column":47},"end":{"line":26,"column":48}},"loc":{"start":{"line":26,"column":54},"end":{"line":26,"column":89}}},"4":{"name":"(anonymous_5)","decl":{"start":{"line":38,"column":1},"end":{"line":38,"column":6}},"loc":{"start":{"line":38,"column":56},"end":{"line":47,"column":2}}},"5":{"name":"(anonymous_6)","decl":{"start":{"line":41,"column":47},"end":{"line":41,"column":48}},"loc":{"start":{"line":41,"column":54},"end":{"line":41,"column":89}}},"6":{"name":"(anonymous_7)","decl":{"start":{"line":49,"column":1},"end":{"line":49,"column":6}},"loc":{"start":{"line":49,"column":57},"end":{"line":62,"column":2}}},"7":{"name":"(anonymous_8)","decl":{"start":{"line":52,"column":47},"end":{"line":52,"column":48}},"loc":{"start":{"line":52,"column":54},"end":{"line":52,"column":89}}},"8":{"name":"(anonymous_9)","decl":{"start":{"line":64,"column":1},"end":{"line":64,"column":6}},"loc":{"start":{"line":64,"column":29},"end":{"line":66,"column":2}}},"9":{"name":"(anonymous_10)","decl":{"start":{"line":68,"column":9},"end":{"line":68,"column":14}},"loc":{"start":{"line":68,"column":34},"end":{"line":75,"column":2}}}},"branchMap":{"0":{"loc":{"start":{"line":10,"column":2},"end":{"line":10,"column":67}},"type":"if","locations":[{"start":{"line":10,"column":2},"end":{"line":10,"column":67}}]},"1":{"loc":{"start":{"line":12,"column":19},"end":{"line":12,"column":72}},"type":"cond-expr","locations":[{"start":{"line":12,"column":47},"end":{"line":12,"column":57}},{"start":{"line":12,"column":60},"end":{"line":12,"column":72}}]},"2":{"loc":{"start":{"line":27,"column":2},"end":{"line":31,"column":3}},"type":"if","locations":[{"start":{"line":27,"column":2},"end":{"line":31,"column":3}},{"start":{"line":29,"column":9},"end":{"line":31,"column":3}}]},"3":{"loc":{"start":{"line":42,"column":2},"end":{"line":42,"column":68}},"type":"if","locations":[{"start":{"line":42,"column":2},"end":{"line":42,"column":68}}]},"4":{"loc":{"start":{"line":53,"column":2},"end":{"line":57,"column":3}},"type":"if","locations":[{"start":{"line":53,"column":2},"end":{"line":57,"column":3}},{"start":{"line":55,"column":9},"end":{"line":57,"column":3}}]},"5":{"loc":{"start":{"line":70,"column":2},"end":{"line":72,"column":3}},"type":"if","locations":[{"start":{"line":70,"column":2},"end":{"line":72,"column":3}}]}},"s":{"0":1,"1":1,"2":1,"3":1,"4":0,"5":1,"6":1,"7":1,"8":1,"9":1,"10":1,"11":1,"12":1,"13":1,"14":0,"15":1,"16":1,"17":1,"18":1,"19":1,"20":1,"21":1,"22":0,"23":1,"24":1,"25":0,"26":0,"27":0,"28":0,"29":0,"30":0,"31":0,"32":0,"33":1,"34":3,"35":3,"36":0,"37":3,"38":1},"f":{"0":1,"1":1,"2":1,"3":1,"4":1,"5":1,"6":0,"7":0,"8":1,"9":3},"b":{"0":[0],"1":[0,1],"2":[0,1],"3":[0],"4":[0,0],"5":[0]}}
,"C:\\Users\\Erenn\\Documents\\GitHub\\octopus-case\\cart-service\\src\\utils\\errors.ts": {"path":"C:\\Users\\Erenn\\Documents\\GitHub\\octopus-case\\cart-service\\src\\utils\\errors.ts","statementMap":{"0":{"start":{"line":6,"column":2},"end":{"line":6,"column":17}},"1":{"start":{"line":7,"column":2},"end":{"line":7,"column":31}},"2":{"start":{"line":8,"column":2},"end":{"line":8,"column":29}},"3":{"start":{"line":9,"column":2},"end":{"line":9,"column":51}},"4":{"start":{"line":1,"column":0},"end":{"line":1,"column":13}},"5":{"start":{"line":15,"column":2},"end":{"line":15,"column":35}},"6":{"start":{"line":13,"column":0},"end":{"line":13,"column":13}},"7":{"start":{"line":21,"column":2},"end":{"line":21,"column":38}},"8":{"start":{"line":19,"column":0},"end":{"line":19,"column":13}},"9":{"start":{"line":27,"column":2},"end":{"line":27,"column":37}},"10":{"start":{"line":25,"column":0},"end":{"line":25,"column":13}},"11":{"start":{"line":33,"column":2},"end":{"line":33,"column":47}},"12":{"start":{"line":31,"column":0},"end":{"line":31,"column":13}}},"fnMap":{"0":{"name":"(anonymous_0)","decl":{"start":{"line":5,"column":1},"end":{"line":5,"column":13}},"loc":{"start":{"line":5,"column":67},"end":{"line":10,"column":2}}},"1":{"name":"(anonymous_1)","decl":{"start":{"line":14,"column":1},"end":{"line":14,"column":13}},"loc":{"start":{"line":14,"column":28},"end":{"line":16,"column":2}}},"2":{"name":"(anonymous_2)","decl":{"start":{"line":20,"column":1},"end":{"line":20,"column":13}},"loc":{"start":{"line":20,"column":28},"end":{"line":22,"column":2}}},"3":{"name":"(anonymous_3)","decl":{"start":{"line":26,"column":1},"end":{"line":26,"column":13}},"loc":{"start":{"line":26,"column":28},"end":{"line":28,"column":2}}},"4":{"name":"(anonymous_4)","decl":{"start":{"line":32,"column":1},"end":{"line":32,"column":13}},"loc":{"start":{"line":32,"column":28},"end":{"line":34,"column":2}}}},"branchMap":{},"s":{"0":0,"1":0,"2":0,"3":0,"4":1,"5":0,"6":1,"7":0,"8":1,"9":0,"10":1,"11":0,"12":1},"f":{"0":0,"1":0,"2":0,"3":0,"4":0},"b":{}}
,"C:\\Users\\Erenn\\Documents\\GitHub\\octopus-case\\cart-service\\src\\utils\\jwt.ts": {"path":"C:\\Users\\Erenn\\Documents\\GitHub\\octopus-case\\cart-service\\src\\utils\\jwt.ts","statementMap":{"0":{"start":{"line":1,"column":0},"end":{"line":1,"column":31}},"1":{"start":{"line":7,"column":9},"end":{"line":7,"column":28}},"2":{"start":{"line":8,"column":9},"end":{"line":8,"column":26}},"3":{"start":{"line":11,"column":2},"end":{"line":11,"column":72}},"4":{"start":{"line":15,"column":16},"end":{"line":15,"column":59}},"5":{"start":{"line":17,"column":2},"end":{"line":19,"column":3}},"6":{"start":{"line":18,"column":3},"end":{"line":18,"column":65}},"7":{"start":{"line":21,"column":2},"end":{"line":27,"column":5}},"8":{"start":{"line":22,"column":3},"end":{"line":24,"column":4}},"9":{"start":{"line":23,"column":4},"end":{"line":23,"column":73}},"10":{"start":{"line":25,"column":3},"end":{"line":25,"column":31}},"11":{"start":{"line":26,"column":3},"end":{"line":26,"column":10}},"12":{"start":{"line":6,"column":0},"end":{"line":6,"column":13}}},"fnMap":{"0":{"name":"(anonymous_1)","decl":{"start":{"line":6,"column":0},"end":{"line":6,"column":13}},"loc":{"start":{"line":6,"column":0},"end":{"line":30,"column":1}}},"1":{"name":"(anonymous_2)","decl":{"start":{"line":10,"column":1},"end":{"line":10,"column":9}},"loc":{"start":{"line":10,"column":38},"end":{"line":12,"column":2}}},"2":{"name":"(anonymous_3)","decl":{"start":{"line":14,"column":1},"end":{"line":14,"column":8}},"loc":{"start":{"line":14,"column":47},"end":{"line":29,"column":2}}},"3":{"name":"(anonymous_4)","decl":{"start":{"line":21,"column":34},"end":{"line":21,"column":35}},"loc":{"start":{"line":21,"column":51},"end":{"line":27,"column":3}}}},"branchMap":{"0":{"loc":{"start":{"line":17,"column":2},"end":{"line":19,"column":3}},"type":"if","locations":[{"start":{"line":17,"column":2},"end":{"line":19,"column":3}}]},"1":{"loc":{"start":{"line":22,"column":3},"end":{"line":24,"column":4}},"type":"if","locations":[{"start":{"line":22,"column":3},"end":{"line":24,"column":4}}]}},"s":{"0":1,"1":2,"2":2,"3":1,"4":15,"5":15,"6":5,"7":10,"8":10,"9":5,"10":5,"11":5,"12":1},"f":{"0":2,"1":1,"2":15,"3":10},"b":{"0":[5],"1":[5]}}
,"C:\\Users\\Erenn\\Documents\\GitHub\\octopus-case\\cart-service\\src\\utils\\validate.ts": {"path":"C:\\Users\\Erenn\\Documents\\GitHub\\octopus-case\\cart-service\\src\\utils\\validate.ts","statementMap":{"0":{"start":{"line":5,"column":0},"end":{"line":5,"column":16}},"1":{"start":{"line":2,"column":0},"end":{"line":2,"column":43}},"2":{"start":{"line":3,"column":0},"end":{"line":3,"column":52}},"3":{"start":{"line":6,"column":1},"end":{"line":29,"column":3}},"4":{"start":{"line":7,"column":22},"end":{"line":7,"column":57}},"5":{"start":{"line":8,"column":2},"end":{"line":28,"column":5}},"6":{"start":{"line":9,"column":3},"end":{"line":27,"column":4}},"7":{"start":{"line":10,"column":49},"end":{"line":10,"column":51}},"8":{"start":{"line":12,"column":4},"end":{"line":22,"column":7}},"9":{"start":{"line":13,"column":39},"end":{"line":13,"column":44}},"10":{"start":{"line":15,"column":5},"end":{"line":17,"column":6}},"11":{"start":{"line":16,"column":6},"end":{"line":16,"column":37}},"12":{"start":{"line":19,"column":5},"end":{"line":21,"column":8}},"13":{"start":{"line":20,"column":6},"end":{"line":20,"column":46}},"14":{"start":{"line":24,"column":4},"end":{"line":24,"column":54}},"15":{"start":{"line":26,"column":4},"end":{"line":26,"column":11}}},"fnMap":{"0":{"name":"ValidateDto","decl":{"start":{"line":5,"column":16},"end":{"line":5,"column":27}},"loc":{"start":{"line":5,"column":52},"end":{"line":30,"column":1}}},"1":{"name":"(anonymous_1)","decl":{"start":{"line":6,"column":8},"end":{"line":6,"column":9}},"loc":{"start":{"line":6,"column":60},"end":{"line":29,"column":2}}},"2":{"name":"(anonymous_2)","decl":{"start":{"line":8,"column":36},"end":{"line":8,"column":37}},"loc":{"start":{"line":8,"column":47},"end":{"line":28,"column":3}}},"3":{"name":"(anonymous_3)","decl":{"start":{"line":12,"column":19},"end":{"line":12,"column":24}},"loc":{"start":{"line":12,"column":27},"end":{"line":22,"column":5}}},"4":{"name":"(anonymous_4)","decl":{"start":{"line":19,"column":40},"end":{"line":19,"column":47}},"loc":{"start":{"line":19,"column":50},"end":{"line":21,"column":6}}}},"branchMap":{"0":{"loc":{"start":{"line":9,"column":3},"end":{"line":27,"column":4}},"type":"if","locations":[{"start":{"line":9,"column":3},"end":{"line":27,"column":4}},{"start":{"line":25,"column":10},"end":{"line":27,"column":4}}]},"1":{"loc":{"start":{"line":15,"column":5},"end":{"line":17,"column":6}},"type":"if","locations":[{"start":{"line":15,"column":5},"end":{"line":17,"column":6}}]}},"s":{"0":1,"1":1,"2":1,"3":4,"4":3,"5":3,"6":3,"7":0,"8":0,"9":0,"10":0,"11":0,"12":0,"13":0,"14":0,"15":3},"f":{"0":4,"1":3,"2":3,"3":0,"4":0},"b":{"0":[0,3],"1":[0]}}
}
