TN:
SF:src\index.ts
FN:12,main
FN:26,(anonymous_2)
FN:30,(anonymous_3)
FN:43,(anonymous_4)
FN:49,(anonymous_5)
FN:51,(anonymous_6)
FN:52,(anonymous_7)
FN:54,(anonymous_8)
FNF:8
FNH:4
FNDA:1,main
FNDA:0,(anonymous_2)
FNDA:0,(anonymous_3)
FNDA:1,(anonymous_4)
FNDA:1,(anonymous_5)
FNDA:1,(anonymous_6)
FNDA:0,(anonymous_7)
FNDA:0,(anonymous_8)
DA:1,1
DA:2,1
DA:3,1
DA:5,1
DA:6,1
DA:7,1
DA:8,1
DA:10,1
DA:13,1
DA:15,1
DA:17,1
DA:19,1
DA:20,1
DA:21,1
DA:22,1
DA:23,1
DA:24,1
DA:26,1
DA:27,0
DA:30,1
DA:31,0
DA:35,0
DA:36,0
DA:38,0
DA:43,1
DA:44,1
DA:48,1
DA:50,1
DA:51,1
DA:52,0
DA:55,0
DA:56,0
DA:57,0
DA:60,1
LF:34
LH:25
BRDA:35,0,0,0
BRDA:35,0,1,0
BRDA:36,1,0,0
BRDA:36,1,1,0
BRDA:43,2,0,1
BRDA:43,2,1,1
BRDA:50,3,0,1
BRDA:50,3,1,1
BRF:8
BRH:4
end_of_record
TN:
SF:src\controllers\cart.controller.ts
FN:5,(anonymous_0)
FN:8,(anonymous_1)
FN:17,(anonymous_2)
FN:26,(anonymous_3)
FN:35,(anonymous_4)
FN:44,(anonymous_5)
FN:53,(anonymous_6)
FNF:7
FNH:6
FNDA:1,(anonymous_0)
FNDA:1,(anonymous_1)
FNDA:1,(anonymous_2)
FNDA:1,(anonymous_3)
FNDA:1,(anonymous_4)
FNDA:0,(anonymous_5)
FNDA:1,(anonymous_6)
DA:3,1
DA:5,1
DA:6,1
DA:9,1
DA:10,1
DA:11,1
DA:13,0
DA:18,1
DA:19,1
DA:20,1
DA:22,0
DA:27,1
DA:28,1
DA:29,1
DA:31,0
DA:36,1
DA:37,1
DA:38,1
DA:40,0
DA:45,0
DA:46,0
DA:47,0
DA:49,0
DA:54,1
DA:55,1
DA:56,1
DA:58,0
LF:27
LH:18
BRF:0
BRH:0
end_of_record
TN:
SF:src\dto\cart.dto.ts
FNF:0
FNH:0
DA:1,1
DA:3,1
DA:8,1
DA:12,1
LF:4
LH:4
BRF:0
BRH:0
end_of_record
TN:
SF:src\models\cart.model.ts
FNF:0
FNH:0
DA:1,1
DA:13,1
DA:23,1
DA:25,1
LF:4
LH:4
BRF:0
BRH:0
end_of_record
TN:
SF:src\services\cart.service.ts
FN:7,(anonymous_1)
FN:19,(anonymous_2)
FN:23,(anonymous_3)
FN:26,(anonymous_4)
FN:38,(anonymous_5)
FN:41,(anonymous_6)
FN:49,(anonymous_7)
FN:52,(anonymous_8)
FN:64,(anonymous_9)
FN:68,(anonymous_10)
FNF:10
FNH:8
FNDA:1,(anonymous_1)
FNDA:1,(anonymous_2)
FNDA:1,(anonymous_3)
FNDA:1,(anonymous_4)
FNDA:1,(anonymous_5)
FNDA:1,(anonymous_6)
FNDA:0,(anonymous_7)
FNDA:0,(anonymous_8)
FNDA:1,(anonymous_9)
FNDA:3,(anonymous_10)
DA:2,1
DA:3,1
DA:6,1
DA:8,1
DA:10,1
DA:12,1
DA:13,1
DA:14,1
DA:16,1
DA:20,1
DA:24,1
DA:26,1
DA:27,1
DA:28,0
DA:30,1
DA:33,1
DA:35,1
DA:39,1
DA:41,1
DA:42,1
DA:44,1
DA:46,1
DA:50,0
DA:52,0
DA:53,0
DA:54,0
DA:56,0
DA:59,0
DA:61,0
DA:65,1
DA:69,3
DA:70,3
DA:71,0
DA:74,3
LF:34
LH:25
BRDA:10,0,0,0
BRDA:12,1,0,0
BRDA:12,1,1,1
BRDA:27,2,0,0
BRDA:27,2,1,1
BRDA:42,3,0,0
BRDA:53,4,0,0
BRDA:53,4,1,0
BRDA:70,5,0,0
BRF:9
BRH:2
end_of_record
TN:
SF:src\utils\errors.ts
FN:5,(anonymous_0)
FN:14,(anonymous_1)
FN:20,(anonymous_2)
FN:26,(anonymous_3)
FN:32,(anonymous_4)
FNF:5
FNH:0
FNDA:0,(anonymous_0)
FNDA:0,(anonymous_1)
FNDA:0,(anonymous_2)
FNDA:0,(anonymous_3)
FNDA:0,(anonymous_4)
DA:1,1
DA:6,0
DA:7,0
DA:8,0
DA:9,0
DA:13,1
DA:15,0
DA:19,1
DA:21,0
DA:25,1
DA:27,0
DA:31,1
DA:33,0
LF:13
LH:5
BRF:0
BRH:0
end_of_record
TN:
SF:src\utils\jwt.ts
FN:6,(anonymous_1)
FN:10,(anonymous_2)
FN:14,(anonymous_3)
FN:21,(anonymous_4)
FNF:4
FNH:4
FNDA:2,(anonymous_1)
FNDA:1,(anonymous_2)
FNDA:15,(anonymous_3)
FNDA:10,(anonymous_4)
DA:1,1
DA:6,1
DA:7,2
DA:8,2
DA:11,1
DA:15,15
DA:17,15
DA:18,5
DA:21,10
DA:22,10
DA:23,5
DA:25,5
DA:26,5
LF:13
LH:13
BRDA:17,0,0,5
BRDA:22,1,0,5
BRF:2
BRH:2
end_of_record
TN:
SF:src\utils\validate.ts
FN:5,ValidateDto
FN:6,(anonymous_1)
FN:8,(anonymous_2)
FN:12,(anonymous_3)
FN:19,(anonymous_4)
FNF:5
FNH:3
FNDA:4,ValidateDto
FNDA:3,(anonymous_1)
FNDA:3,(anonymous_2)
FNDA:0,(anonymous_3)
FNDA:0,(anonymous_4)
DA:2,1
DA:3,1
DA:5,1
DA:6,4
DA:7,3
DA:8,3
DA:9,3
DA:10,0
DA:12,0
DA:13,0
DA:15,0
DA:16,0
DA:19,0
DA:20,0
DA:24,0
DA:26,3
LF:16
LH:8
BRDA:9,0,0,0
BRDA:9,0,1,3
BRDA:15,1,0,0
BRF:3
BRH:1
end_of_record
